03-09-2026 21:39:04 INFO  Site: validate_input: 477: Configuration details found in the playbook: [{'site': {'area': {'name': 'PODS', 'parentName': 'Global'}}}] 

03-09-2026 21:39:04 INFO  Site: validate_input: 497: Successfully validated playbook config params: [{'type': None, 'site': {'area': {'name': 'PODS', 'parent_name': 'Global'}}}] 

03-09-2026 21:39:04 ERROR  Site: validate_site_input_data: 1170: Missing 'name' field in entry. 

03-09-2026 21:39:04 ERROR  Site: validate_site_input_data: 1178: Missing 'parent_name' field in entry. 

03-09-2026 21:39:04 ERROR  Site: validate_site_input_data: 1317: Missing or invalid parameters in playbook config: 'name should not be None or empty, parent_name should not be None or empty, Site_type should not be None or empty'  

03-09-2026 21:39:06 INFO  Site: validate_input: 477: Configuration details found in the playbook: [{'site': {'area': {'name': 'POD 0', 'parentName': 'Global/PODS'}}}] 

03-09-2026 21:39:06 INFO  Site: validate_input: 497: Successfully validated playbook config params: [{'type': None, 'site': {'area': {'name': 'POD 0', 'parent_name': 'Global/PODS'}}}] 

03-09-2026 21:39:06 ERROR  Site: validate_site_input_data: 1170: Missing 'name' field in entry. 

03-09-2026 21:39:06 ERROR  Site: validate_site_input_data: 1178: Missing 'parent_name' field in entry. 

03-09-2026 21:39:06 ERROR  Site: validate_site_input_data: 1317: Missing or invalid parameters in playbook config: 'name should not be None or empty, parent_name should not be None or empty, Site_type should not be None or empty'  

03-09-2026 21:39:07 INFO  Site: validate_input: 477: Configuration details found in the playbook: [{'site': {'area': {'name': 'Building P0', 'parentName': 'Global/PODS/POD 0'}}}] 

03-09-2026 21:39:07 INFO  Site: validate_input: 497: Successfully validated playbook config params: [{'type': None, 'site': {'area': {'name': 'Building P0', 'parent_name': 'Global/PODS/POD 0'}}}] 

03-09-2026 21:39:07 ERROR  Site: validate_site_input_data: 1170: Missing 'name' field in entry. 

03-09-2026 21:39:07 ERROR  Site: validate_site_input_data: 1178: Missing 'parent_name' field in entry. 

03-09-2026 21:39:07 ERROR  Site: validate_site_input_data: 1317: Missing or invalid parameters in playbook config: 'name should not be None or empty, parent_name should not be None or empty, Site_type should not be None or empty'  

03-09-2026 21:39:09 INFO  Site: validate_input: 477: Configuration details found in the playbook: [{'site': {'floor': {'name': 'Floor 1', 'parentName': 'Global/PODS/POD 0/Building P0', 'rfModel': 'Cubes And Walled Offices', 'width': 100, 'length': 100, 'height': 10}}}] 

03-09-2026 21:39:09 INFO  Site: validate_input: 497: Successfully validated playbook config params: [{'type': None, 'site': {'floor': {'name': 'Floor 1', 'parent_name': 'Global/PODS/POD 0/Building P0', 'rf_model': 'Cubes And Walled Offices', 'width': 100, 'length': 100, 'height': 10}}}] 

03-09-2026 21:39:09 ERROR  Site: validate_site_input_data: 1170: Missing 'name' field in entry. 

03-09-2026 21:39:09 ERROR  Site: validate_site_input_data: 1178: Missing 'parent_name' field in entry. 

03-09-2026 21:39:09 ERROR  Site: validate_site_input_data: 1317: Missing or invalid parameters in playbook config: 'name should not be None or empty, parent_name should not be None or empty, Site_type should not be None or empty'  

03-09-2026 21:39:27 INFO  Site: validate_input: 477: Configuration details found in the playbook: [{'site': {'area': {'name': 'PODS', 'parentName': 'Global'}}}] 

03-09-2026 21:39:27 INFO  Site: validate_input: 497: Successfully validated playbook config params: [{'type': None, 'site': {'area': {'name': 'PODS', 'parent_name': 'Global'}}}] 

03-09-2026 21:39:27 ERROR  Site: validate_site_input_data: 1170: Missing 'name' field in entry. 

03-09-2026 21:39:27 ERROR  Site: validate_site_input_data: 1178: Missing 'parent_name' field in entry. 

03-09-2026 21:39:27 ERROR  Site: validate_site_input_data: 1317: Missing or invalid parameters in playbook config: 'name should not be None or empty, parent_name should not be None or empty, Site_type should not be None or empty'  

03-09-2026 21:39:28 INFO  Site: validate_input: 477: Configuration details found in the playbook: [{'site': {'area': {'name': 'POD 0', 'parentName': 'Global/PODS'}}}] 

03-09-2026 21:39:28 INFO  Site: validate_input: 497: Successfully validated playbook config params: [{'type': None, 'site': {'area': {'name': 'POD 0', 'parent_name': 'Global/PODS'}}}] 

03-09-2026 21:39:28 ERROR  Site: validate_site_input_data: 1170: Missing 'name' field in entry. 

03-09-2026 21:39:28 ERROR  Site: validate_site_input_data: 1178: Missing 'parent_name' field in entry. 

03-09-2026 21:39:28 ERROR  Site: validate_site_input_data: 1317: Missing or invalid parameters in playbook config: 'name should not be None or empty, parent_name should not be None or empty, Site_type should not be None or empty'  

03-09-2026 21:39:29 INFO  Site: validate_input: 477: Configuration details found in the playbook: [{'site': {'area': {'name': 'Building P0', 'parentName': 'Global/PODS/POD 0'}}}] 

03-09-2026 21:39:29 INFO  Site: validate_input: 497: Successfully validated playbook config params: [{'type': None, 'site': {'area': {'name': 'Building P0', 'parent_name': 'Global/PODS/POD 0'}}}] 

03-09-2026 21:39:29 ERROR  Site: validate_site_input_data: 1170: Missing 'name' field in entry. 

03-09-2026 21:39:29 ERROR  Site: validate_site_input_data: 1178: Missing 'parent_name' field in entry. 

03-09-2026 21:39:29 ERROR  Site: validate_site_input_data: 1317: Missing or invalid parameters in playbook config: 'name should not be None or empty, parent_name should not be None or empty, Site_type should not be None or empty'  

03-09-2026 21:39:31 INFO  Site: validate_input: 477: Configuration details found in the playbook: [{'site': {'floor': {'name': 'Floor 1', 'parentName': 'Global/PODS/POD 0/Building P0', 'rfModel': 'Cubes And Walled Offices', 'width': 100, 'length': 100, 'height': 10}}}] 

03-09-2026 21:39:31 INFO  Site: validate_input: 497: Successfully validated playbook config params: [{'type': None, 'site': {'floor': {'name': 'Floor 1', 'parent_name': 'Global/PODS/POD 0/Building P0', 'rf_model': 'Cubes And Walled Offices', 'width': 100, 'length': 100, 'height': 10}}}] 

03-09-2026 21:39:31 ERROR  Site: validate_site_input_data: 1170: Missing 'name' field in entry. 

03-09-2026 21:39:31 ERROR  Site: validate_site_input_data: 1178: Missing 'parent_name' field in entry. 

03-09-2026 21:39:31 ERROR  Site: validate_site_input_data: 1317: Missing or invalid parameters in playbook config: 'name should not be None or empty, parent_name should not be None or empty, Site_type should not be None or empty'  

03-09-2026 21:41:52 INFO  Site: validate_input: 477: Configuration details found in the playbook: [{'site': {'area': {'name': 'PODS', 'parentName': 'Global'}}}] 

03-09-2026 21:41:52 INFO  Site: validate_input: 497: Successfully validated playbook config params: [{'type': None, 'site': {'area': {'name': 'PODS', 'parent_name': 'Global'}}}] 

03-09-2026 21:41:52 ERROR  Site: validate_site_input_data: 1170: Missing 'name' field in entry. 

03-09-2026 21:41:52 ERROR  Site: validate_site_input_data: 1178: Missing 'parent_name' field in entry. 

03-09-2026 21:41:52 ERROR  Site: validate_site_input_data: 1317: Missing or invalid parameters in playbook config: 'name should not be None or empty, parent_name should not be None or empty, Site_type should not be None or empty'  

03-09-2026 21:41:54 INFO  Site: validate_input: 477: Configuration details found in the playbook: [{'site': {'area': {'name': 'POD 0', 'parentName': 'Global/PODS'}}}] 

03-09-2026 21:41:54 INFO  Site: validate_input: 497: Successfully validated playbook config params: [{'type': None, 'site': {'area': {'name': 'POD 0', 'parent_name': 'Global/PODS'}}}] 

03-09-2026 21:41:54 ERROR  Site: validate_site_input_data: 1170: Missing 'name' field in entry. 

03-09-2026 21:41:54 ERROR  Site: validate_site_input_data: 1178: Missing 'parent_name' field in entry. 

03-09-2026 21:41:54 ERROR  Site: validate_site_input_data: 1317: Missing or invalid parameters in playbook config: 'name should not be None or empty, parent_name should not be None or empty, Site_type should not be None or empty'  

03-09-2026 21:41:55 INFO  Site: validate_input: 477: Configuration details found in the playbook: [{'site': {'area': {'name': 'Building P0', 'parentName': 'Global/PODS/POD 0'}}}] 

03-09-2026 21:41:55 INFO  Site: validate_input: 497: Successfully validated playbook config params: [{'type': None, 'site': {'area': {'name': 'Building P0', 'parent_name': 'Global/PODS/POD 0'}}}] 

03-09-2026 21:41:55 ERROR  Site: validate_site_input_data: 1170: Missing 'name' field in entry. 

03-09-2026 21:41:55 ERROR  Site: validate_site_input_data: 1178: Missing 'parent_name' field in entry. 

03-09-2026 21:41:55 ERROR  Site: validate_site_input_data: 1317: Missing or invalid parameters in playbook config: 'name should not be None or empty, parent_name should not be None or empty, Site_type should not be None or empty'  

03-09-2026 21:41:56 INFO  Site: validate_input: 477: Configuration details found in the playbook: [{'site': {'floor': {'name': 'Floor 1', 'parentName': 'Global/PODS/POD 0/Building P0', 'rfModel': 'Cubes And Walled Offices', 'width': 100, 'length': 100, 'height': 10}}}] 

03-09-2026 21:41:56 INFO  Site: validate_input: 497: Successfully validated playbook config params: [{'type': None, 'site': {'floor': {'name': 'Floor 1', 'parent_name': 'Global/PODS/POD 0/Building P0', 'rf_model': 'Cubes And Walled Offices', 'width': 100, 'length': 100, 'height': 10}}}] 

03-09-2026 21:41:56 ERROR  Site: validate_site_input_data: 1170: Missing 'name' field in entry. 

03-09-2026 21:41:56 ERROR  Site: validate_site_input_data: 1178: Missing 'parent_name' field in entry. 

03-09-2026 21:41:56 ERROR  Site: validate_site_input_data: 1317: Missing or invalid parameters in playbook config: 'name should not be None or empty, parent_name should not be None or empty, Site_type should not be None or empty'  

03-09-2026 21:44:35 INFO  Site: validate_input: 477: Configuration details found in the playbook: [{'site_type': 'area', 'site': {'area': {'name': 'PODS', 'parent_name': 'Global'}}}] 

03-09-2026 21:44:35 INFO  Site: validate_input: 497: Successfully validated playbook config params: [{'type': 'area', 'site': {'area': {'name': 'PODS', 'parent_name': 'Global'}}}] 

03-09-2026 21:44:35 INFO  Site: validate_site_input_data: 1322: Successfully validated config params. 

03-09-2026 21:44:36 INFO  Site: get_want: 1109: Processing site of type: area 

03-09-2026 21:44:36 INFO  Site: get_want: 1121: Desired State (want): [{'name': 'PODS', 'parent_name': 'Global', 'type': 'area'}] 

03-09-2026 21:44:36 INFO  Site: get_site_name_hierarchy: 816: Constructed site name: Global/PODS 

03-09-2026 21:44:36 INFO  Site: execute_get_request: 1943: Response received from GET API call to Function: 'get_sites' from Family: 'site_design' is Response: {'response': [], 'version': '1.0'} 

03-09-2026 21:44:36 WARNING  Site: execute_get_request: 1961: Empty 'response' key in the API response from GET API call to Function: 'get_sites' from Family: 'site_design'. 

03-09-2026 21:44:36 WARNING  Site: get_site: 882: No site details found for site name: 'Global/PODS'. 

03-09-2026 21:44:36 ERROR  Site: get_have: 1019: Unexpected response received: 

03-09-2026 21:44:36 INFO  Site: process_bulk_site: 1618: Initiating bulk site creation for 1 sites. 

03-09-2026 21:44:36 INFO  Site: creating_bulk_site: 1496: Before executing create site: [{'name': 'PODS', 'type': 'area', 'parentNameHierarchy': 'Global'}] 

03-09-2026 21:44:37 INFO  Site: creating_bulk_site: 1510: Site creation successful. Response: {'response': {'taskId': '019cd56a-fa3c-77e9-ac8e-d4d533def6ba', 'url': '/api/v1/task/019cd56a-fa3c-77e9-ac8e-d4d533def6ba'}, 'version': '1.0'} 

03-09-2026 21:44:37 INFO  Site: process_bulk_site: 1633: Task Id for the 'site_creation' task: 019cd56a-fa3c-77e9-ac8e-d4d533def6ba 

03-09-2026 21:44:37 INFO  Site: get_task_status_from_tasks_by_id: 2060: Successfully retrieved task details: {'status': 'PENDING', 'startTime': 1773107083895, 'resultLocation': '/dna/intent/api/v1/tasks/019cd56a-fa3c-77e9-ac8e-d4d533def6ba/detail', 'id': '019cd56a-fa3c-77e9-ac8e-d4d533def6ba'} 

03-09-2026 21:44:39 INFO  Site: get_task_status_from_tasks_by_id: 2060: Successfully retrieved task details: {'status': 'PENDING', 'startTime': 1773107083895, 'resultLocation': '/dna/intent/api/v1/tasks/019cd56a-fa3c-77e9-ac8e-d4d533def6ba/detail', 'id': '019cd56a-fa3c-77e9-ac8e-d4d533def6ba'} 

03-09-2026 21:44:41 INFO  Site: get_task_status_from_tasks_by_id: 2060: Successfully retrieved task details: {'endTime': 1773107087652, 'lastUpdate': 1773107087572, 'status': 'SUCCESS', 'startTime': 1773107083895, 'resultLocation': '/dna/intent/api/v1/tasks/019cd56a-fa3c-77e9-ac8e-d4d533def6ba/detail', 'id': '019cd56a-fa3c-77e9-ac8e-d4d533def6ba'} 

03-09-2026 21:44:41 INFO  Site: set_operation_result: 1875: Site created successfully. 

03-09-2026 21:44:41 INFO  Site: process_bulk_site: 1651: All sites have been successfully created. Proceeding with floor site processing. 

03-09-2026 21:44:41 INFO  Site: process_bulk_site: 1676: Bulk site creation process completed successfully. 

03-09-2026 21:44:42 INFO  Site: validate_input: 477: Configuration details found in the playbook: [{'site_type': 'area', 'site': {'area': {'name': 'POD 0', 'parent_name': 'Global/PODS'}}}] 

03-09-2026 21:44:42 INFO  Site: validate_input: 497: Successfully validated playbook config params: [{'type': 'area', 'site': {'area': {'name': 'POD 0', 'parent_name': 'Global/PODS'}}}] 

03-09-2026 21:44:42 INFO  Site: validate_site_input_data: 1322: Successfully validated config params. 

03-09-2026 21:44:42 INFO  Site: get_want: 1109: Processing site of type: area 

03-09-2026 21:44:42 INFO  Site: get_want: 1121: Desired State (want): [{'name': 'POD 0', 'parent_name': 'Global/PODS', 'type': 'area'}] 

03-09-2026 21:44:43 INFO  Site: get_site_name_hierarchy: 816: Constructed site name: Global/PODS/POD 0 

03-09-2026 21:44:43 INFO  Site: execute_get_request: 1943: Response received from GET API call to Function: 'get_sites' from Family: 'site_design' is Response: {'response': [], 'version': '1.0'} 

03-09-2026 21:44:43 WARNING  Site: execute_get_request: 1961: Empty 'response' key in the API response from GET API call to Function: 'get_sites' from Family: 'site_design'. 

03-09-2026 21:44:43 WARNING  Site: get_site: 882: No site details found for site name: 'Global/PODS/POD 0'. 

03-09-2026 21:44:43 ERROR  Site: get_have: 1019: Unexpected response received: 

03-09-2026 21:44:43 INFO  Site: process_bulk_site: 1618: Initiating bulk site creation for 1 sites. 

03-09-2026 21:44:43 INFO  Site: creating_bulk_site: 1496: Before executing create site: [{'name': 'POD 0', 'type': 'area', 'parentNameHierarchy': 'Global/PODS'}] 

03-09-2026 21:44:43 INFO  Site: creating_bulk_site: 1510: Site creation successful. Response: {'response': {'taskId': '019cd56b-143a-7889-86c1-1c9d491e3898', 'url': '/api/v1/task/019cd56b-143a-7889-86c1-1c9d491e3898'}, 'version': '1.0'} 

03-09-2026 21:44:43 INFO  Site: process_bulk_site: 1633: Task Id for the 'site_creation' task: 019cd56b-143a-7889-86c1-1c9d491e3898 

03-09-2026 21:44:43 INFO  Site: get_task_status_from_tasks_by_id: 2060: Successfully retrieved task details: {'status': 'PENDING', 'startTime': 1773107090491, 'resultLocation': '/dna/intent/api/v1/tasks/019cd56b-143a-7889-86c1-1c9d491e3898/detail', 'id': '019cd56b-143a-7889-86c1-1c9d491e3898'} 

03-09-2026 21:44:45 INFO  Site: get_task_status_from_tasks_by_id: 2060: Successfully retrieved task details: {'status': 'PENDING', 'startTime': 1773107090491, 'resultLocation': '/dna/intent/api/v1/tasks/019cd56b-143a-7889-86c1-1c9d491e3898/detail', 'id': '019cd56b-143a-7889-86c1-1c9d491e3898'} 

03-09-2026 21:44:47 INFO  Site: get_task_status_from_tasks_by_id: 2060: Successfully retrieved task details: {'endTime': 1773107093547, 'lastUpdate': 1773107093538, 'status': 'SUCCESS', 'startTime': 1773107090491, 'resultLocation': '/dna/intent/api/v1/tasks/019cd56b-143a-7889-86c1-1c9d491e3898/detail', 'id': '019cd56b-143a-7889-86c1-1c9d491e3898'} 

03-09-2026 21:44:47 INFO  Site: set_operation_result: 1875: Site created successfully. 

03-09-2026 21:44:47 INFO  Site: process_bulk_site: 1651: All sites have been successfully created. Proceeding with floor site processing. 

03-09-2026 21:44:47 INFO  Site: process_bulk_site: 1676: Bulk site creation process completed successfully. 

03-09-2026 21:44:49 INFO  Site: validate_input: 477: Configuration details found in the playbook: [{'site_type': 'building', 'site': {'building': {'name': 'Building P0', 'parent_name': 'Global/PODS/POD 0', 'address': '1 Cisco Way, San Jose, CA 95134', 'latitude': 37.3382, 'longitude': -121.8863}}}] 

03-09-2026 21:44:49 INFO  Site: validate_input: 497: Successfully validated playbook config params: [{'type': 'building', 'site': {'building': {'name': 'Building P0', 'parent_name': 'Global/PODS/POD 0', 'address': '1 Cisco Way, San Jose, CA 95134', 'latitude': 37.3382, 'longitude': -121.8863}}}] 

03-09-2026 21:44:49 ERROR  Site: validate_site_input_data: 1227: Missing 'country' field in building entry. 

03-09-2026 21:44:49 ERROR  Site: validate_site_input_data: 1317: Missing or invalid parameters in playbook config: 'country should not be None or empty'  

03-09-2026 21:44:50 INFO  Site: validate_input: 477: Configuration details found in the playbook: [{'site_type': 'floor', 'site': {'floor': {'name': 'Floor 1', 'parent_name': 'Global/PODS/POD 0/Building P0', 'rf_model': 'Cubes And Walled Offices', 'width': 100, 'length': 100, 'height': 10, 'floor_number': 1}}}] 

03-09-2026 21:44:50 INFO  Site: validate_input: 497: Successfully validated playbook config params: [{'type': 'floor', 'site': {'floor': {'name': 'Floor 1', 'parent_name': 'Global/PODS/POD 0/Building P0', 'rf_model': 'Cubes And Walled Offices', 'width': 100, 'length': 100, 'height': 10, 'floor_number': 1}}}] 

03-09-2026 21:44:50 INFO  Site: validate_site_input_data: 1299: Default value assigned for units_of_measure: feet. 

03-09-2026 21:44:50 INFO  Site: validate_site_input_data: 1322: Successfully validated config params. 

03-09-2026 21:44:50 INFO  Site: get_want: 1109: Processing site of type: floor 

03-09-2026 21:44:50 INFO  Site: get_want: 1121: Desired State (want): [{'name': 'Floor 1', 'parent_name': 'Global/PODS/POD 0/Building P0', 'rf_model': 'Cubes And Walled Offices', 'width': 100, 'length': 100, 'height': 10, 'floor_number': 1, 'units_of_measure': 'feet', 'type': 'floor'}] 

03-09-2026 21:44:50 INFO  Site: get_site_name_hierarchy: 816: Constructed site name: Global/PODS/POD 0/Building P0/Floor 1 

03-09-2026 21:44:51 INFO  Site: execute_get_request: 1943: Response received from GET API call to Function: 'get_sites' from Family: 'site_design' is Response: {'response': [], 'version': '1.0'} 

03-09-2026 21:44:51 WARNING  Site: execute_get_request: 1961: Empty 'response' key in the API response from GET API call to Function: 'get_sites' from Family: 'site_design'. 

03-09-2026 21:44:51 WARNING  Site: get_site: 882: No site details found for site name: 'Global/PODS/POD 0/Building P0/Floor 1'. 

03-09-2026 21:44:51 ERROR  Site: get_have: 1019: Unexpected response received: 

03-09-2026 21:44:51 INFO  Site: process_bulk_site: 1618: Initiating bulk site creation for 1 sites. 

03-09-2026 21:44:51 INFO  Site: creating_bulk_site: 1496: Before executing create site: [{'name': 'Floor 1', 'type': 'floor', 'rfModel': 'Cubes And Walled Offices', 'width': 100, 'length': 100, 'height': 10, 'floorNumber': 1, 'unitsOfMeasure': 'feet', 'parentNameHierarchy': 'Global/PODS/POD 0/Building P0'}] 

03-09-2026 21:44:51 INFO  Site: creating_bulk_site: 1510: Site creation successful. Response: {'response': {'taskId': '019cd56b-3263-7160-baa1-3cc7ccbb9d3a', 'url': '/api/v1/task/019cd56b-3263-7160-baa1-3cc7ccbb9d3a'}, 'version': '1.0'} 

03-09-2026 21:44:51 INFO  Site: process_bulk_site: 1633: Task Id for the 'site_creation' task: 019cd56b-3263-7160-baa1-3cc7ccbb9d3a 

03-09-2026 21:44:51 INFO  Site: get_task_status_from_tasks_by_id: 2060: Successfully retrieved task details: {'status': 'PENDING', 'startTime': 1773107098211, 'resultLocation': '/dna/intent/api/v1/tasks/019cd56b-3263-7160-baa1-3cc7ccbb9d3a/detail', 'id': '019cd56b-3263-7160-baa1-3cc7ccbb9d3a'} 

03-09-2026 21:44:53 INFO  Site: get_task_status_from_tasks_by_id: 2060: Successfully retrieved task details: {'status': 'PENDING', 'startTime': 1773107098211, 'resultLocation': '/dna/intent/api/v1/tasks/019cd56b-3263-7160-baa1-3cc7ccbb9d3a/detail', 'id': '019cd56b-3263-7160-baa1-3cc7ccbb9d3a'} 

03-09-2026 21:44:55 INFO  Site: get_task_status_from_tasks_by_id: 2060: Successfully retrieved task details: {'endTime': 1773107101265, 'lastUpdate': 1773107101229, 'status': 'FAILURE', 'startTime': 1773107098211, 'resultLocation': '/dna/intent/api/v1/tasks/019cd56b-3263-7160-baa1-3cc7ccbb9d3a/detail', 'id': '019cd56b-3263-7160-baa1-3cc7ccbb9d3a'} 

03-09-2026 21:44:55 ERROR  Site: set_operation_result: 1875: Failed to execute the task create_sites with Task ID: 019cd56b-3263-7160-baa1-3cc7ccbb9d3a.Failure reason: One or more groups are invalid. Hence none of the groups are getting created. Retry with correcting the import file. 

03-09-2026 21:44:55 INFO  Site: process_bulk_site: 1651: All sites have been successfully created. Proceeding with floor site processing. 

03-09-2026 21:44:55 INFO  Site: process_bulk_site: 1658: Processing floor site 'Floor 1'. 

03-09-2026 21:44:55 INFO  Site: process_bulk_site: 1674: No upload path provided for 'Floor 1'. Floor created without floor map. 

03-09-2026 21:44:55 INFO  Site: process_bulk_site: 1676: Bulk site creation process completed successfully. 

03-09-2026 21:46:04 INFO  Site: validate_input: 477: Configuration details found in the playbook: [{'site_type': 'area', 'site': {'area': {'name': 'PODS', 'parent_name': 'Global'}}}] 

03-09-2026 21:46:04 INFO  Site: validate_input: 497: Successfully validated playbook config params: [{'type': 'area', 'site': {'area': {'name': 'PODS', 'parent_name': 'Global'}}}] 

03-09-2026 21:46:04 INFO  Site: validate_site_input_data: 1322: Successfully validated config params. 

03-09-2026 21:46:04 INFO  Site: get_want: 1109: Processing site of type: area 

03-09-2026 21:46:04 INFO  Site: get_want: 1121: Desired State (want): [{'name': 'PODS', 'parent_name': 'Global', 'type': 'area'}] 

03-09-2026 21:46:04 INFO  Site: get_site_name_hierarchy: 816: Constructed site name: Global/PODS 

03-09-2026 21:46:05 INFO  Site: execute_get_request: 1943: Response received from GET API call to Function: 'get_sites' from Family: 'site_design' is Response: {'response': [{'id': '9b1f9e91-c69c-421b-8b0b-d5de9a409682', 'parentId': 'a4208f2a-223c-4fbd-a881-33bd440dde60', 'name': 'PODS', 'nameHierarchy': 'Global/PODS', 'type': 'area'}], 'version': '1.0'} 

03-09-2026 21:46:05 INFO  Site: get_have: 1036: site information found: {'id': '9b1f9e91-c69c-421b-8b0b-d5de9a409682', 'parentId': 'a4208f2a-223c-4fbd-a881-33bd440dde60', 'name': 'PODS', 'nameHierarchy': 'Global/PODS', 'type': 'area'} 

03-09-2026 21:46:05 INFO  Site: get_diff_merged: 1745: Site - Global/PODS does not need any update 

03-09-2026 21:46:06 INFO  Site: validate_input: 477: Configuration details found in the playbook: [{'site_type': 'area', 'site': {'area': {'name': 'POD 0', 'parent_name': 'Global/PODS'}}}] 

03-09-2026 21:46:06 INFO  Site: validate_input: 497: Successfully validated playbook config params: [{'type': 'area', 'site': {'area': {'name': 'POD 0', 'parent_name': 'Global/PODS'}}}] 

03-09-2026 21:46:06 INFO  Site: validate_site_input_data: 1322: Successfully validated config params. 

03-09-2026 21:46:06 INFO  Site: get_want: 1109: Processing site of type: area 

03-09-2026 21:46:06 INFO  Site: get_want: 1121: Desired State (want): [{'name': 'POD 0', 'parent_name': 'Global/PODS', 'type': 'area'}] 

03-09-2026 21:46:06 INFO  Site: get_site_name_hierarchy: 816: Constructed site name: Global/PODS/POD 0 

03-09-2026 21:46:07 INFO  Site: execute_get_request: 1943: Response received from GET API call to Function: 'get_sites' from Family: 'site_design' is Response: {'response': [{'id': 'caa9d2fb-1c0e-4e5d-845c-130ac1f9b13d', 'parentId': '9b1f9e91-c69c-421b-8b0b-d5de9a409682', 'name': 'POD 0', 'nameHierarchy': 'Global/PODS/POD 0', 'type': 'area'}], 'version': '1.0'} 

03-09-2026 21:46:07 INFO  Site: get_have: 1036: site information found: {'id': 'caa9d2fb-1c0e-4e5d-845c-130ac1f9b13d', 'parentId': '9b1f9e91-c69c-421b-8b0b-d5de9a409682', 'name': 'POD 0', 'nameHierarchy': 'Global/PODS/POD 0', 'type': 'area'} 

03-09-2026 21:46:07 INFO  Site: get_diff_merged: 1745: Site - Global/PODS/POD 0 does not need any update 

03-09-2026 21:46:15 INFO  Site: validate_input: 477: Configuration details found in the playbook: [{'site_type': 'building', 'site': {'building': {'name': 'Building P0', 'parent_name': 'Global/PODS/POD 0', 'address': '1 Cisco Way, San Jose, CA 95134', 'country': 'United States', 'latitude': 37.3382, 'longitude': -121.8863}}}] 

03-09-2026 21:46:15 INFO  Site: validate_input: 497: Successfully validated playbook config params: [{'type': 'building', 'site': {'building': {'name': 'Building P0', 'parent_name': 'Global/PODS/POD 0', 'address': '1 Cisco Way, San Jose, CA 95134', 'country': 'United States', 'latitude': 37.3382, 'longitude': -121.8863}}}] 

03-09-2026 21:46:15 INFO  Site: validate_site_input_data: 1322: Successfully validated config params. 

03-09-2026 21:46:15 INFO  Site: get_want: 1109: Processing site of type: building 

03-09-2026 21:46:15 INFO  Site: get_want: 1121: Desired State (want): [{'name': 'Building P0', 'parent_name': 'Global/PODS/POD 0', 'address': '1 Cisco Way, San Jose, CA 95134', 'country': 'United States', 'latitude': 37.3382, 'longitude': -121.8863, 'type': 'building'}] 

03-09-2026 21:46:15 INFO  Site: get_site_name_hierarchy: 816: Constructed site name: Global/PODS/POD 0/Building P0 

03-09-2026 21:46:16 INFO  Site: execute_get_request: 1943: Response received from GET API call to Function: 'get_sites' from Family: 'site_design' is Response: {'response': [], 'version': '1.0'} 

03-09-2026 21:46:16 WARNING  Site: execute_get_request: 1961: Empty 'response' key in the API response from GET API call to Function: 'get_sites' from Family: 'site_design'. 

03-09-2026 21:46:16 WARNING  Site: get_site: 882: No site details found for site name: 'Global/PODS/POD 0/Building P0'. 

03-09-2026 21:46:16 ERROR  Site: get_have: 1019: Unexpected response received: 

03-09-2026 21:46:16 INFO  Site: process_bulk_site: 1618: Initiating bulk site creation for 1 sites. 

03-09-2026 21:46:16 INFO  Site: creating_bulk_site: 1496: Before executing create site: [{'name': 'Building P0', 'type': 'building', 'address': '1 Cisco Way, San Jose, CA 95134', 'country': 'United States', 'latitude': 37.3382, 'longitude': -121.8863, 'parentNameHierarchy': 'Global/PODS/POD 0'}] 

03-09-2026 21:46:16 INFO  Site: creating_bulk_site: 1510: Site creation successful. Response: {'response': {'taskId': '019cd56c-7e14-775d-893a-101ac4b7c29d', 'url': '/api/v1/task/019cd56c-7e14-775d-893a-101ac4b7c29d'}, 'version': '1.0'} 

03-09-2026 21:46:16 INFO  Site: process_bulk_site: 1633: Task Id for the 'site_creation' task: 019cd56c-7e14-775d-893a-101ac4b7c29d 

03-09-2026 21:46:16 INFO  Site: get_task_status_from_tasks_by_id: 2060: Successfully retrieved task details: {'status': 'PENDING', 'startTime': 1773107183124, 'resultLocation': '/dna/intent/api/v1/tasks/019cd56c-7e14-775d-893a-101ac4b7c29d/detail', 'id': '019cd56c-7e14-775d-893a-101ac4b7c29d'} 

03-09-2026 21:46:18 INFO  Site: get_task_status_from_tasks_by_id: 2060: Successfully retrieved task details: {'status': 'PENDING', 'startTime': 1773107183124, 'resultLocation': '/dna/intent/api/v1/tasks/019cd56c-7e14-775d-893a-101ac4b7c29d/detail', 'id': '019cd56c-7e14-775d-893a-101ac4b7c29d'} 

03-09-2026 21:46:20 INFO  Site: get_task_status_from_tasks_by_id: 2060: Successfully retrieved task details: {'endTime': 1773107186187, 'lastUpdate': 1773107186182, 'status': 'SUCCESS', 'startTime': 1773107183124, 'resultLocation': '/dna/intent/api/v1/tasks/019cd56c-7e14-775d-893a-101ac4b7c29d/detail', 'id': '019cd56c-7e14-775d-893a-101ac4b7c29d'} 

03-09-2026 21:46:20 INFO  Site: set_operation_result: 1875: Site created successfully. 

03-09-2026 21:46:20 INFO  Site: process_bulk_site: 1651: All sites have been successfully created. Proceeding with floor site processing. 

03-09-2026 21:46:20 INFO  Site: process_bulk_site: 1676: Bulk site creation process completed successfully. 

03-09-2026 21:46:22 INFO  Site: validate_input: 477: Configuration details found in the playbook: [{'site_type': 'floor', 'site': {'floor': {'name': 'Floor 1', 'parent_name': 'Global/PODS/POD 0/Building P0', 'rf_model': 'Cubes And Walled Offices', 'width': 100, 'length': 100, 'height': 10, 'floor_number': 1}}}] 

03-09-2026 21:46:22 INFO  Site: validate_input: 497: Successfully validated playbook config params: [{'type': 'floor', 'site': {'floor': {'name': 'Floor 1', 'parent_name': 'Global/PODS/POD 0/Building P0', 'rf_model': 'Cubes And Walled Offices', 'width': 100, 'length': 100, 'height': 10, 'floor_number': 1}}}] 

03-09-2026 21:46:22 INFO  Site: validate_site_input_data: 1299: Default value assigned for units_of_measure: feet. 

03-09-2026 21:46:22 INFO  Site: validate_site_input_data: 1322: Successfully validated config params. 

03-09-2026 21:46:22 INFO  Site: get_want: 1109: Processing site of type: floor 

03-09-2026 21:46:22 INFO  Site: get_want: 1121: Desired State (want): [{'name': 'Floor 1', 'parent_name': 'Global/PODS/POD 0/Building P0', 'rf_model': 'Cubes And Walled Offices', 'width': 100, 'length': 100, 'height': 10, 'floor_number': 1, 'units_of_measure': 'feet', 'type': 'floor'}] 

03-09-2026 21:46:22 INFO  Site: get_site_name_hierarchy: 816: Constructed site name: Global/PODS/POD 0/Building P0/Floor 1 

03-09-2026 21:46:22 INFO  Site: execute_get_request: 1943: Response received from GET API call to Function: 'get_sites' from Family: 'site_design' is Response: {'response': [], 'version': '1.0'} 

03-09-2026 21:46:22 WARNING  Site: execute_get_request: 1961: Empty 'response' key in the API response from GET API call to Function: 'get_sites' from Family: 'site_design'. 

03-09-2026 21:46:22 WARNING  Site: get_site: 882: No site details found for site name: 'Global/PODS/POD 0/Building P0/Floor 1'. 

03-09-2026 21:46:22 ERROR  Site: get_have: 1019: Unexpected response received: 

03-09-2026 21:46:22 INFO  Site: process_bulk_site: 1618: Initiating bulk site creation for 1 sites. 

03-09-2026 21:46:22 INFO  Site: creating_bulk_site: 1496: Before executing create site: [{'name': 'Floor 1', 'type': 'floor', 'rfModel': 'Cubes And Walled Offices', 'width': 100, 'length': 100, 'height': 10, 'floorNumber': 1, 'unitsOfMeasure': 'feet', 'parentNameHierarchy': 'Global/PODS/POD 0/Building P0'}] 

03-09-2026 21:46:22 INFO  Site: creating_bulk_site: 1510: Site creation successful. Response: {'response': {'taskId': '019cd56c-9790-7e1e-934e-97700b796d52', 'url': '/api/v1/task/019cd56c-9790-7e1e-934e-97700b796d52'}, 'version': '1.0'} 

03-09-2026 21:46:22 INFO  Site: process_bulk_site: 1633: Task Id for the 'site_creation' task: 019cd56c-9790-7e1e-934e-97700b796d52 

03-09-2026 21:46:22 INFO  Site: get_task_status_from_tasks_by_id: 2060: Successfully retrieved task details: {'status': 'PENDING', 'startTime': 1773107189648, 'resultLocation': '/dna/intent/api/v1/tasks/019cd56c-9790-7e1e-934e-97700b796d52/detail', 'id': '019cd56c-9790-7e1e-934e-97700b796d52'} 

03-09-2026 21:46:24 INFO  Site: get_task_status_from_tasks_by_id: 2060: Successfully retrieved task details: {'status': 'PENDING', 'startTime': 1773107189648, 'resultLocation': '/dna/intent/api/v1/tasks/019cd56c-9790-7e1e-934e-97700b796d52/detail', 'id': '019cd56c-9790-7e1e-934e-97700b796d52'} 

03-09-2026 21:46:27 INFO  Site: get_task_status_from_tasks_by_id: 2060: Successfully retrieved task details: {'endTime': 1773107192688, 'lastUpdate': 1773107192684, 'status': 'SUCCESS', 'startTime': 1773107189648, 'resultLocation': '/dna/intent/api/v1/tasks/019cd56c-9790-7e1e-934e-97700b796d52/detail', 'id': '019cd56c-9790-7e1e-934e-97700b796d52'} 

03-09-2026 21:46:27 INFO  Site: set_operation_result: 1875: Site created successfully. 

03-09-2026 21:46:27 INFO  Site: process_bulk_site: 1651: All sites have been successfully created. Proceeding with floor site processing. 

03-09-2026 21:46:27 INFO  Site: process_bulk_site: 1658: Processing floor site 'Floor 1'. 

03-09-2026 21:46:27 INFO  Site: process_bulk_site: 1674: No upload path provided for 'Floor 1'. Floor created without floor map. 

03-09-2026 21:46:27 INFO  Site: process_bulk_site: 1676: Bulk site creation process completed successfully. 

03-16-2026 15:38:43 INFO  Site: validate_input: 615: Configuration details found in the playbook: [{'site_type': 'area', 'site': {'area': {'name': 'PODS', 'parent_name': 'Global'}}}] 

03-16-2026 15:38:43 INFO  Site: validate_input: 646: Successfully validated playbook config params: [{'type': 'area', 'site': {'area': {'name': 'PODS', 'parent_name': 'Global'}}}] 

03-16-2026 15:38:43 INFO  Site: validate_site_input_data: 1556: Successfully validated config params. 

03-16-2026 15:38:43 INFO  Site: get_want: 1343: Processing site of type: area 

03-16-2026 15:38:43 INFO  Site: get_want: 1355: Desired State (want): [{'name': 'PODS', 'parent_name': 'Global', 'type': 'area'}] 

03-16-2026 15:38:43 INFO  Site: get_site_name_hierarchy: 1043: Constructed site name: Global/PODS 

03-16-2026 15:38:43 INFO  Site: execute_get_request: 2109: Response received from GET API call to Function: 'get_sites' from Family: 'site_design' is Response: {'response': [], 'version': '1.0'} 

03-16-2026 15:38:43 WARNING  Site: execute_get_request: 2127: Empty 'response' key in the API response from GET API call to Function: 'get_sites' from Family: 'site_design'. 

03-16-2026 15:38:43 WARNING  Site: get_site: 888: No site details found for site name: 'Global/PODS'. 

03-16-2026 15:38:43 ERROR  Site: get_have: 1253: Unexpected response received: 

03-16-2026 15:38:44 INFO  Site: process_bulk_site: 1852: Initiating bulk site creation for 1 sites. 

03-16-2026 15:38:44 INFO  Site: creating_bulk_site: 1730: Before executing create site: [{'name': 'PODS', 'type': 'area', 'parentNameHierarchy': 'Global'}] 

03-16-2026 15:38:44 INFO  Site: creating_bulk_site: 1744: Site creation successful. Response: {'response': {'taskId': '019cf828-69d4-7c0c-9f8b-5b347a34fe2d', 'url': '/api/v1/task/019cf828-69d4-7c0c-9f8b-5b347a34fe2d'}, 'version': '1.0'} 

03-16-2026 15:38:44 INFO  Site: process_bulk_site: 1867: Task Id for the 'site_creation' task: 019cf828-69d4-7c0c-9f8b-5b347a34fe2d 

03-16-2026 15:38:44 INFO  Site: get_task_status_from_tasks_by_id: 2226: Successfully retrieved task details: {'status': 'PENDING', 'startTime': 1773689924138, 'resultLocation': '/dna/intent/api/v1/tasks/019cf828-69d4-7c0c-9f8b-5b347a34fe2d/detail', 'id': '019cf828-69d4-7c0c-9f8b-5b347a34fe2d'} 

03-16-2026 15:38:46 INFO  Site: get_task_status_from_tasks_by_id: 2226: Successfully retrieved task details: {'status': 'PENDING', 'startTime': 1773689924138, 'resultLocation': '/dna/intent/api/v1/tasks/019cf828-69d4-7c0c-9f8b-5b347a34fe2d/detail', 'id': '019cf828-69d4-7c0c-9f8b-5b347a34fe2d'} 

03-16-2026 15:38:48 INFO  Site: get_task_status_from_tasks_by_id: 2226: Successfully retrieved task details: {'endTime': 1773689927751, 'lastUpdate': 1773689927682, 'status': 'SUCCESS', 'startTime': 1773689924138, 'resultLocation': '/dna/intent/api/v1/tasks/019cf828-69d4-7c0c-9f8b-5b347a34fe2d/detail', 'id': '019cf828-69d4-7c0c-9f8b-5b347a34fe2d'} 

03-16-2026 15:38:48 INFO  Site: set_operation_result: 2041: Site created successfully. 

03-16-2026 15:38:48 INFO  Site: process_bulk_site: 1885: All sites have been successfully created. Proceeding with floor site processing. 

03-16-2026 15:38:48 INFO  Site: process_bulk_site: 1910: Bulk site creation process completed successfully. 

03-16-2026 15:38:50 INFO  Site: validate_input: 615: Configuration details found in the playbook: [{'site_type': 'area', 'site': {'area': {'name': 'POD 0', 'parent_name': 'Global/PODS'}}}] 

03-16-2026 15:38:50 INFO  Site: validate_input: 646: Successfully validated playbook config params: [{'type': 'area', 'site': {'area': {'name': 'POD 0', 'parent_name': 'Global/PODS'}}}] 

03-16-2026 15:38:51 INFO  Site: validate_site_input_data: 1556: Successfully validated config params. 

03-16-2026 15:38:51 INFO  Site: get_want: 1343: Processing site of type: area 

03-16-2026 15:38:51 INFO  Site: get_want: 1355: Desired State (want): [{'name': 'POD 0', 'parent_name': 'Global/PODS', 'type': 'area'}] 

03-16-2026 15:38:51 INFO  Site: get_site_name_hierarchy: 1043: Constructed site name: Global/PODS/POD 0 

03-16-2026 15:38:51 INFO  Site: execute_get_request: 2109: Response received from GET API call to Function: 'get_sites' from Family: 'site_design' is Response: {'response': [], 'version': '1.0'} 

03-16-2026 15:38:51 WARNING  Site: execute_get_request: 2127: Empty 'response' key in the API response from GET API call to Function: 'get_sites' from Family: 'site_design'. 

03-16-2026 15:38:51 WARNING  Site: get_site: 888: No site details found for site name: 'Global/PODS/POD 0'. 

03-16-2026 15:38:51 ERROR  Site: get_have: 1253: Unexpected response received: 

03-16-2026 15:38:51 INFO  Site: process_bulk_site: 1852: Initiating bulk site creation for 1 sites. 

03-16-2026 15:38:51 INFO  Site: creating_bulk_site: 1730: Before executing create site: [{'name': 'POD 0', 'type': 'area', 'parentNameHierarchy': 'Global/PODS'}] 

03-16-2026 15:38:51 INFO  Site: creating_bulk_site: 1744: Site creation successful. Response: {'response': {'taskId': '019cf828-86ed-766e-8f86-dafba0d118f6', 'url': '/api/v1/task/019cf828-86ed-766e-8f86-dafba0d118f6'}, 'version': '1.0'} 

03-16-2026 15:38:51 INFO  Site: process_bulk_site: 1867: Task Id for the 'site_creation' task: 019cf828-86ed-766e-8f86-dafba0d118f6 

03-16-2026 15:38:51 INFO  Site: get_task_status_from_tasks_by_id: 2226: Successfully retrieved task details: {'status': 'PENDING', 'startTime': 1773689931501, 'resultLocation': '/dna/intent/api/v1/tasks/019cf828-86ed-766e-8f86-dafba0d118f6/detail', 'id': '019cf828-86ed-766e-8f86-dafba0d118f6'} 

03-16-2026 15:38:53 INFO  Site: get_task_status_from_tasks_by_id: 2226: Successfully retrieved task details: {'status': 'PENDING', 'startTime': 1773689931501, 'resultLocation': '/dna/intent/api/v1/tasks/019cf828-86ed-766e-8f86-dafba0d118f6/detail', 'id': '019cf828-86ed-766e-8f86-dafba0d118f6'} 

03-16-2026 15:38:56 INFO  Site: get_task_status_from_tasks_by_id: 2226: Successfully retrieved task details: {'endTime': 1773689934552, 'lastUpdate': 1773689934532, 'status': 'SUCCESS', 'startTime': 1773689931501, 'resultLocation': '/dna/intent/api/v1/tasks/019cf828-86ed-766e-8f86-dafba0d118f6/detail', 'id': '019cf828-86ed-766e-8f86-dafba0d118f6'} 

03-16-2026 15:38:56 INFO  Site: set_operation_result: 2041: Site created successfully. 

03-16-2026 15:38:56 INFO  Site: process_bulk_site: 1885: All sites have been successfully created. Proceeding with floor site processing. 

03-16-2026 15:38:56 INFO  Site: process_bulk_site: 1910: Bulk site creation process completed successfully. 

03-16-2026 15:38:57 INFO  Site: validate_input: 615: Configuration details found in the playbook: [{'site_type': 'building', 'site': {'building': {'name': 'Building P0', 'parent_name': 'Global/PODS/POD 0', 'address': '1 Cisco Way, San Jose, CA 95134', 'country': 'United States', 'latitude': 37.3382, 'longitude': -121.8863}}}] 

03-16-2026 15:38:57 INFO  Site: validate_input: 646: Successfully validated playbook config params: [{'type': 'building', 'site': {'building': {'name': 'Building P0', 'parent_name': 'Global/PODS/POD 0', 'address': '1 Cisco Way, San Jose, CA 95134', 'country': 'United States', 'latitude': 37.3382, 'longitude': -121.8863}}}] 

03-16-2026 15:38:57 INFO  Site: validate_site_input_data: 1556: Successfully validated config params. 

03-16-2026 15:38:57 INFO  Site: get_want: 1343: Processing site of type: building 

03-16-2026 15:38:57 INFO  Site: get_want: 1355: Desired State (want): [{'name': 'Building P0', 'parent_name': 'Global/PODS/POD 0', 'address': '1 Cisco Way, San Jose, CA 95134', 'country': 'United States', 'latitude': 37.3382, 'longitude': -121.8863, 'type': 'building'}] 

03-16-2026 15:38:57 INFO  Site: get_site_name_hierarchy: 1043: Constructed site name: Global/PODS/POD 0/Building P0 

03-16-2026 15:38:58 INFO  Site: execute_get_request: 2109: Response received from GET API call to Function: 'get_sites' from Family: 'site_design' is Response: {'response': [], 'version': '1.0'} 

03-16-2026 15:38:58 WARNING  Site: execute_get_request: 2127: Empty 'response' key in the API response from GET API call to Function: 'get_sites' from Family: 'site_design'. 

03-16-2026 15:38:58 WARNING  Site: get_site: 888: No site details found for site name: 'Global/PODS/POD 0/Building P0'. 

03-16-2026 15:38:58 ERROR  Site: get_have: 1253: Unexpected response received: 

03-16-2026 15:38:58 INFO  Site: process_bulk_site: 1852: Initiating bulk site creation for 1 sites. 

03-16-2026 15:38:58 INFO  Site: creating_bulk_site: 1730: Before executing create site: [{'name': 'Building P0', 'type': 'building', 'address': '1 Cisco Way, San Jose, CA 95134', 'country': 'United States', 'latitude': 37.3382, 'longitude': -121.8863, 'parentNameHierarchy': 'Global/PODS/POD 0'}] 

03-16-2026 15:38:58 INFO  Site: creating_bulk_site: 1744: Site creation successful. Response: {'response': {'taskId': '019cf828-a166-712b-9231-b1e96c4a9893', 'url': '/api/v1/task/019cf828-a166-712b-9231-b1e96c4a9893'}, 'version': '1.0'} 

03-16-2026 15:38:58 INFO  Site: process_bulk_site: 1867: Task Id for the 'site_creation' task: 019cf828-a166-712b-9231-b1e96c4a9893 

03-16-2026 15:38:58 INFO  Site: get_task_status_from_tasks_by_id: 2226: Successfully retrieved task details: {'status': 'PENDING', 'startTime': 1773689938278, 'resultLocation': '/dna/intent/api/v1/tasks/019cf828-a166-712b-9231-b1e96c4a9893/detail', 'id': '019cf828-a166-712b-9231-b1e96c4a9893'} 

03-16-2026 15:39:00 INFO  Site: get_task_status_from_tasks_by_id: 2226: Successfully retrieved task details: {'status': 'PENDING', 'startTime': 1773689938278, 'resultLocation': '/dna/intent/api/v1/tasks/019cf828-a166-712b-9231-b1e96c4a9893/detail', 'id': '019cf828-a166-712b-9231-b1e96c4a9893'} 

03-16-2026 15:39:02 INFO  Site: get_task_status_from_tasks_by_id: 2226: Successfully retrieved task details: {'endTime': 1773689941434, 'lastUpdate': 1773689941382, 'status': 'SUCCESS', 'startTime': 1773689938278, 'resultLocation': '/dna/intent/api/v1/tasks/019cf828-a166-712b-9231-b1e96c4a9893/detail', 'id': '019cf828-a166-712b-9231-b1e96c4a9893'} 

03-16-2026 15:39:02 INFO  Site: set_operation_result: 2041: Site created successfully. 

03-16-2026 15:39:02 INFO  Site: process_bulk_site: 1885: All sites have been successfully created. Proceeding with floor site processing. 

03-16-2026 15:39:02 INFO  Site: process_bulk_site: 1910: Bulk site creation process completed successfully. 

03-16-2026 15:39:05 INFO  Site: validate_input: 615: Configuration details found in the playbook: [{'site_type': 'floor', 'site': {'floor': {'name': 'Floor 1', 'parent_name': 'Global/PODS/POD 0/Building P0', 'rf_model': 'Cubes And Walled Offices', 'width': 100, 'length': 100, 'height': 10, 'floor_number': 1}}}] 

03-16-2026 15:39:05 INFO  Site: validate_input: 646: Successfully validated playbook config params: [{'type': 'floor', 'site': {'floor': {'name': 'Floor 1', 'parent_name': 'Global/PODS/POD 0/Building P0', 'rf_model': 'Cubes And Walled Offices', 'width': 100, 'length': 100, 'height': 10, 'floor_number': 1}}}] 

03-16-2026 15:39:05 INFO  Site: validate_site_input_data: 1533: Default value assigned for units_of_measure: feet. 

03-16-2026 15:39:05 INFO  Site: validate_site_input_data: 1556: Successfully validated config params. 

03-16-2026 15:39:05 INFO  Site: get_want: 1343: Processing site of type: floor 

03-16-2026 15:39:05 INFO  Site: get_want: 1355: Desired State (want): [{'name': 'Floor 1', 'parent_name': 'Global/PODS/POD 0/Building P0', 'rf_model': 'Cubes And Walled Offices', 'width': 100, 'length': 100, 'height': 10, 'floor_number': 1, 'units_of_measure': 'feet', 'type': 'floor'}] 

03-16-2026 15:39:05 INFO  Site: get_site_name_hierarchy: 1043: Constructed site name: Global/PODS/POD 0/Building P0/Floor 1 

03-16-2026 15:39:05 INFO  Site: execute_get_request: 2109: Response received from GET API call to Function: 'get_sites' from Family: 'site_design' is Response: {'response': [], 'version': '1.0'} 

03-16-2026 15:39:05 WARNING  Site: execute_get_request: 2127: Empty 'response' key in the API response from GET API call to Function: 'get_sites' from Family: 'site_design'. 

03-16-2026 15:39:05 WARNING  Site: get_site: 888: No site details found for site name: 'Global/PODS/POD 0/Building P0/Floor 1'. 

03-16-2026 15:39:05 ERROR  Site: get_have: 1253: Unexpected response received: 

03-16-2026 15:39:05 INFO  Site: process_bulk_site: 1852: Initiating bulk site creation for 1 sites. 

03-16-2026 15:39:05 INFO  Site: creating_bulk_site: 1730: Before executing create site: [{'name': 'Floor 1', 'type': 'floor', 'rfModel': 'Cubes And Walled Offices', 'width': 100, 'length': 100, 'height': 10, 'floorNumber': 1, 'unitsOfMeasure': 'feet', 'parentNameHierarchy': 'Global/PODS/POD 0/Building P0'}] 

03-16-2026 15:39:06 INFO  Site: creating_bulk_site: 1744: Site creation successful. Response: {'response': {'taskId': '019cf828-bf2a-78c7-9f05-ad5c4d0d3beb', 'url': '/api/v1/task/019cf828-bf2a-78c7-9f05-ad5c4d0d3beb'}, 'version': '1.0'} 

03-16-2026 15:39:06 INFO  Site: process_bulk_site: 1867: Task Id for the 'site_creation' task: 019cf828-bf2a-78c7-9f05-ad5c4d0d3beb 

03-16-2026 15:39:06 INFO  Site: get_task_status_from_tasks_by_id: 2226: Successfully retrieved task details: {'status': 'PENDING', 'startTime': 1773689945898, 'resultLocation': '/dna/intent/api/v1/tasks/019cf828-bf2a-78c7-9f05-ad5c4d0d3beb/detail', 'id': '019cf828-bf2a-78c7-9f05-ad5c4d0d3beb'} 

03-16-2026 15:39:08 INFO  Site: get_task_status_from_tasks_by_id: 2226: Successfully retrieved task details: {'status': 'PENDING', 'startTime': 1773689945898, 'resultLocation': '/dna/intent/api/v1/tasks/019cf828-bf2a-78c7-9f05-ad5c4d0d3beb/detail', 'id': '019cf828-bf2a-78c7-9f05-ad5c4d0d3beb'} 

03-16-2026 15:39:10 INFO  Site: get_task_status_from_tasks_by_id: 2226: Successfully retrieved task details: {'endTime': 1773689948938, 'lastUpdate': 1773689948935, 'status': 'SUCCESS', 'startTime': 1773689945898, 'resultLocation': '/dna/intent/api/v1/tasks/019cf828-bf2a-78c7-9f05-ad5c4d0d3beb/detail', 'id': '019cf828-bf2a-78c7-9f05-ad5c4d0d3beb'} 

03-16-2026 15:39:10 INFO  Site: set_operation_result: 2041: Site created successfully. 

03-16-2026 15:39:10 INFO  Site: process_bulk_site: 1885: All sites have been successfully created. Proceeding with floor site processing. 

03-16-2026 15:39:10 INFO  Site: process_bulk_site: 1892: Processing floor site 'Floor 1'. 

03-16-2026 15:39:10 INFO  Site: process_bulk_site: 1908: No upload path provided for 'Floor 1'. Floor created without floor map. 

03-16-2026 15:39:10 INFO  Site: process_bulk_site: 1910: Bulk site creation process completed successfully. 

03-16-2026 15:41:14 INFO  Site: validate_input: 615: Configuration details found in the playbook: [{'site_type': 'area', 'site': {'area': {'name': 'PODS', 'parent_name': 'Global'}}}] 

03-16-2026 15:41:14 INFO  Site: validate_input: 646: Successfully validated playbook config params: [{'type': 'area', 'site': {'area': {'name': 'PODS', 'parent_name': 'Global'}}}] 

03-16-2026 15:41:14 INFO  Site: validate_site_input_data: 1556: Successfully validated config params. 

03-16-2026 15:41:14 INFO  Site: get_want: 1343: Processing site of type: area 

03-16-2026 15:41:14 INFO  Site: get_want: 1355: Desired State (want): [{'name': 'PODS', 'parent_name': 'Global', 'type': 'area'}] 

03-16-2026 15:41:14 INFO  Site: get_site_name_hierarchy: 1043: Constructed site name: Global/PODS 

03-16-2026 15:41:14 INFO  Site: execute_get_request: 2109: Response received from GET API call to Function: 'get_sites' from Family: 'site_design' is Response: {'response': [], 'version': '1.0'} 

03-16-2026 15:41:14 WARNING  Site: execute_get_request: 2127: Empty 'response' key in the API response from GET API call to Function: 'get_sites' from Family: 'site_design'. 

03-16-2026 15:41:14 WARNING  Site: get_site: 888: No site details found for site name: 'Global/PODS'. 

03-16-2026 15:41:14 ERROR  Site: get_have: 1253: Unexpected response received: 

03-16-2026 15:41:14 INFO  Site: process_bulk_site: 1852: Initiating bulk site creation for 1 sites. 

03-16-2026 15:41:14 INFO  Site: creating_bulk_site: 1730: Before executing create site: [{'name': 'PODS', 'type': 'area', 'parentNameHierarchy': 'Global'}] 

03-16-2026 15:41:14 INFO  Site: creating_bulk_site: 1744: Site creation successful. Response: {'response': {'taskId': '019cf82a-b6bb-71e0-a896-1e34f8a165e8', 'url': '/api/v1/task/019cf82a-b6bb-71e0-a896-1e34f8a165e8'}, 'version': '1.0'} 

03-16-2026 15:41:14 INFO  Site: process_bulk_site: 1867: Task Id for the 'site_creation' task: 019cf82a-b6bb-71e0-a896-1e34f8a165e8 

03-16-2026 15:41:15 INFO  Site: get_task_status_from_tasks_by_id: 2226: Successfully retrieved task details: {'status': 'PENDING', 'startTime': 1773690074811, 'resultLocation': '/dna/intent/api/v1/tasks/019cf82a-b6bb-71e0-a896-1e34f8a165e8/detail', 'id': '019cf82a-b6bb-71e0-a896-1e34f8a165e8'} 

03-16-2026 15:41:17 INFO  Site: get_task_status_from_tasks_by_id: 2226: Successfully retrieved task details: {'status': 'PENDING', 'startTime': 1773690074811, 'resultLocation': '/dna/intent/api/v1/tasks/019cf82a-b6bb-71e0-a896-1e34f8a165e8/detail', 'id': '019cf82a-b6bb-71e0-a896-1e34f8a165e8'} 

03-16-2026 15:41:19 INFO  Site: get_task_status_from_tasks_by_id: 2226: Successfully retrieved task details: {'endTime': 1773690077847, 'lastUpdate': 1773690077842, 'status': 'SUCCESS', 'startTime': 1773690074811, 'resultLocation': '/dna/intent/api/v1/tasks/019cf82a-b6bb-71e0-a896-1e34f8a165e8/detail', 'id': '019cf82a-b6bb-71e0-a896-1e34f8a165e8'} 

03-16-2026 15:41:19 INFO  Site: set_operation_result: 2041: Site created successfully. 

03-16-2026 15:41:19 INFO  Site: process_bulk_site: 1885: All sites have been successfully created. Proceeding with floor site processing. 

03-16-2026 15:41:19 INFO  Site: process_bulk_site: 1910: Bulk site creation process completed successfully. 

03-16-2026 15:41:20 INFO  Site: validate_input: 615: Configuration details found in the playbook: [{'site_type': 'area', 'site': {'area': {'name': 'POD 0', 'parent_name': 'Global/PODS'}}}] 

03-16-2026 15:41:20 INFO  Site: validate_input: 646: Successfully validated playbook config params: [{'type': 'area', 'site': {'area': {'name': 'POD 0', 'parent_name': 'Global/PODS'}}}] 

03-16-2026 15:41:21 INFO  Site: validate_site_input_data: 1556: Successfully validated config params. 

03-16-2026 15:41:21 INFO  Site: get_want: 1343: Processing site of type: area 

03-16-2026 15:41:21 INFO  Site: get_want: 1355: Desired State (want): [{'name': 'POD 0', 'parent_name': 'Global/PODS', 'type': 'area'}] 

03-16-2026 15:41:21 INFO  Site: get_site_name_hierarchy: 1043: Constructed site name: Global/PODS/POD 0 

03-16-2026 15:41:21 INFO  Site: execute_get_request: 2109: Response received from GET API call to Function: 'get_sites' from Family: 'site_design' is Response: {'response': [], 'version': '1.0'} 

03-16-2026 15:41:21 WARNING  Site: execute_get_request: 2127: Empty 'response' key in the API response from GET API call to Function: 'get_sites' from Family: 'site_design'. 

03-16-2026 15:41:21 WARNING  Site: get_site: 888: No site details found for site name: 'Global/PODS/POD 0'. 

03-16-2026 15:41:21 ERROR  Site: get_have: 1253: Unexpected response received: 

03-16-2026 15:41:21 INFO  Site: process_bulk_site: 1852: Initiating bulk site creation for 1 sites. 

03-16-2026 15:41:21 INFO  Site: creating_bulk_site: 1730: Before executing create site: [{'name': 'POD 0', 'type': 'area', 'parentNameHierarchy': 'Global/PODS'}] 

03-16-2026 15:41:21 INFO  Site: creating_bulk_site: 1744: Site creation successful. Response: {'response': {'taskId': '019cf82a-d0ce-798f-ae26-7b721285ae11', 'url': '/api/v1/task/019cf82a-d0ce-798f-ae26-7b721285ae11'}, 'version': '1.0'} 

03-16-2026 15:41:21 INFO  Site: process_bulk_site: 1867: Task Id for the 'site_creation' task: 019cf82a-d0ce-798f-ae26-7b721285ae11 

03-16-2026 15:41:21 INFO  Site: get_task_status_from_tasks_by_id: 2226: Successfully retrieved task details: {'status': 'PENDING', 'startTime': 1773690081486, 'resultLocation': '/dna/intent/api/v1/tasks/019cf82a-d0ce-798f-ae26-7b721285ae11/detail', 'id': '019cf82a-d0ce-798f-ae26-7b721285ae11'} 

03-16-2026 15:41:23 INFO  Site: get_task_status_from_tasks_by_id: 2226: Successfully retrieved task details: {'status': 'PENDING', 'startTime': 1773690081486, 'resultLocation': '/dna/intent/api/v1/tasks/019cf82a-d0ce-798f-ae26-7b721285ae11/detail', 'id': '019cf82a-d0ce-798f-ae26-7b721285ae11'} 

03-16-2026 15:41:26 INFO  Site: get_task_status_from_tasks_by_id: 2226: Successfully retrieved task details: {'endTime': 1773690084522, 'lastUpdate': 1773690084519, 'status': 'SUCCESS', 'startTime': 1773690081486, 'resultLocation': '/dna/intent/api/v1/tasks/019cf82a-d0ce-798f-ae26-7b721285ae11/detail', 'id': '019cf82a-d0ce-798f-ae26-7b721285ae11'} 

03-16-2026 15:41:26 INFO  Site: set_operation_result: 2041: Site created successfully. 

03-16-2026 15:41:26 INFO  Site: process_bulk_site: 1885: All sites have been successfully created. Proceeding with floor site processing. 

03-16-2026 15:41:26 INFO  Site: process_bulk_site: 1910: Bulk site creation process completed successfully. 

03-16-2026 15:41:27 INFO  Site: validate_input: 615: Configuration details found in the playbook: [{'site_type': 'building', 'site': {'building': {'name': 'Building P0', 'parent_name': 'Global/PODS/POD 0', 'address': '1 Cisco Way, San Jose, CA 95134', 'country': 'United States', 'latitude': 37.3382, 'longitude': -121.8863}}}] 

03-16-2026 15:41:27 INFO  Site: validate_input: 646: Successfully validated playbook config params: [{'type': 'building', 'site': {'building': {'name': 'Building P0', 'parent_name': 'Global/PODS/POD 0', 'address': '1 Cisco Way, San Jose, CA 95134', 'country': 'United States', 'latitude': 37.3382, 'longitude': -121.8863}}}] 

03-16-2026 15:41:27 INFO  Site: validate_site_input_data: 1556: Successfully validated config params. 

03-16-2026 15:41:27 INFO  Site: get_want: 1343: Processing site of type: building 

03-16-2026 15:41:27 INFO  Site: get_want: 1355: Desired State (want): [{'name': 'Building P0', 'parent_name': 'Global/PODS/POD 0', 'address': '1 Cisco Way, San Jose, CA 95134', 'country': 'United States', 'latitude': 37.3382, 'longitude': -121.8863, 'type': 'building'}] 

03-16-2026 15:41:27 INFO  Site: get_site_name_hierarchy: 1043: Constructed site name: Global/PODS/POD 0/Building P0 

03-16-2026 15:41:28 INFO  Site: execute_get_request: 2109: Response received from GET API call to Function: 'get_sites' from Family: 'site_design' is Response: {'response': [], 'version': '1.0'} 

03-16-2026 15:41:28 WARNING  Site: execute_get_request: 2127: Empty 'response' key in the API response from GET API call to Function: 'get_sites' from Family: 'site_design'. 

03-16-2026 15:41:28 WARNING  Site: get_site: 888: No site details found for site name: 'Global/PODS/POD 0/Building P0'. 

03-16-2026 15:41:28 ERROR  Site: get_have: 1253: Unexpected response received: 

03-16-2026 15:41:28 INFO  Site: process_bulk_site: 1852: Initiating bulk site creation for 1 sites. 

03-16-2026 15:41:28 INFO  Site: creating_bulk_site: 1730: Before executing create site: [{'name': 'Building P0', 'type': 'building', 'address': '1 Cisco Way, San Jose, CA 95134', 'country': 'United States', 'latitude': 37.3382, 'longitude': -121.8863, 'parentNameHierarchy': 'Global/PODS/POD 0'}] 

03-16-2026 15:41:28 INFO  Site: creating_bulk_site: 1744: Site creation successful. Response: {'response': {'taskId': '019cf82a-eb26-7ccd-b036-bf8dd449cfef', 'url': '/api/v1/task/019cf82a-eb26-7ccd-b036-bf8dd449cfef'}, 'version': '1.0'} 

03-16-2026 15:41:28 INFO  Site: process_bulk_site: 1867: Task Id for the 'site_creation' task: 019cf82a-eb26-7ccd-b036-bf8dd449cfef 

03-16-2026 15:41:28 INFO  Site: get_task_status_from_tasks_by_id: 2226: Successfully retrieved task details: {'status': 'PENDING', 'startTime': 1773690088230, 'resultLocation': '/dna/intent/api/v1/tasks/019cf82a-eb26-7ccd-b036-bf8dd449cfef/detail', 'id': '019cf82a-eb26-7ccd-b036-bf8dd449cfef'} 

03-16-2026 15:41:30 INFO  Site: get_task_status_from_tasks_by_id: 2226: Successfully retrieved task details: {'status': 'PENDING', 'startTime': 1773690088230, 'resultLocation': '/dna/intent/api/v1/tasks/019cf82a-eb26-7ccd-b036-bf8dd449cfef/detail', 'id': '019cf82a-eb26-7ccd-b036-bf8dd449cfef'} 

03-16-2026 15:41:32 INFO  Site: get_task_status_from_tasks_by_id: 2226: Successfully retrieved task details: {'endTime': 1773690091272, 'lastUpdate': 1773690091269, 'status': 'SUCCESS', 'startTime': 1773690088230, 'resultLocation': '/dna/intent/api/v1/tasks/019cf82a-eb26-7ccd-b036-bf8dd449cfef/detail', 'id': '019cf82a-eb26-7ccd-b036-bf8dd449cfef'} 

03-16-2026 15:41:32 INFO  Site: set_operation_result: 2041: Site created successfully. 

03-16-2026 15:41:32 INFO  Site: process_bulk_site: 1885: All sites have been successfully created. Proceeding with floor site processing. 

03-16-2026 15:41:32 INFO  Site: process_bulk_site: 1910: Bulk site creation process completed successfully. 

03-16-2026 15:41:34 INFO  Site: validate_input: 615: Configuration details found in the playbook: [{'site_type': 'floor', 'site': {'floor': {'name': 'Floor 1', 'parent_name': 'Global/PODS/POD 0/Building P0', 'rf_model': 'Cubes And Walled Offices', 'width': 100, 'length': 100, 'height': 10, 'floor_number': 1}}}] 

03-16-2026 15:41:34 INFO  Site: validate_input: 646: Successfully validated playbook config params: [{'type': 'floor', 'site': {'floor': {'name': 'Floor 1', 'parent_name': 'Global/PODS/POD 0/Building P0', 'rf_model': 'Cubes And Walled Offices', 'width': 100, 'length': 100, 'height': 10, 'floor_number': 1}}}] 

03-16-2026 15:41:34 INFO  Site: validate_site_input_data: 1533: Default value assigned for units_of_measure: feet. 

03-16-2026 15:41:34 INFO  Site: validate_site_input_data: 1556: Successfully validated config params. 

03-16-2026 15:41:34 INFO  Site: get_want: 1343: Processing site of type: floor 

03-16-2026 15:41:34 INFO  Site: get_want: 1355: Desired State (want): [{'name': 'Floor 1', 'parent_name': 'Global/PODS/POD 0/Building P0', 'rf_model': 'Cubes And Walled Offices', 'width': 100, 'length': 100, 'height': 10, 'floor_number': 1, 'units_of_measure': 'feet', 'type': 'floor'}] 

03-16-2026 15:41:34 INFO  Site: get_site_name_hierarchy: 1043: Constructed site name: Global/PODS/POD 0/Building P0/Floor 1 

03-16-2026 15:41:34 INFO  Site: execute_get_request: 2109: Response received from GET API call to Function: 'get_sites' from Family: 'site_design' is Response: {'response': [], 'version': '1.0'} 

03-16-2026 15:41:34 WARNING  Site: execute_get_request: 2127: Empty 'response' key in the API response from GET API call to Function: 'get_sites' from Family: 'site_design'. 

03-16-2026 15:41:34 WARNING  Site: get_site: 888: No site details found for site name: 'Global/PODS/POD 0/Building P0/Floor 1'. 

03-16-2026 15:41:34 ERROR  Site: get_have: 1253: Unexpected response received: 

03-16-2026 15:41:34 INFO  Site: process_bulk_site: 1852: Initiating bulk site creation for 1 sites. 

03-16-2026 15:41:34 INFO  Site: creating_bulk_site: 1730: Before executing create site: [{'name': 'Floor 1', 'type': 'floor', 'rfModel': 'Cubes And Walled Offices', 'width': 100, 'length': 100, 'height': 10, 'floorNumber': 1, 'unitsOfMeasure': 'feet', 'parentNameHierarchy': 'Global/PODS/POD 0/Building P0'}] 

03-16-2026 15:41:35 INFO  Site: creating_bulk_site: 1744: Site creation successful. Response: {'response': {'taskId': '019cf82b-0560-76f9-91a8-274de16ca37f', 'url': '/api/v1/task/019cf82b-0560-76f9-91a8-274de16ca37f'}, 'version': '1.0'} 

03-16-2026 15:41:35 INFO  Site: process_bulk_site: 1867: Task Id for the 'site_creation' task: 019cf82b-0560-76f9-91a8-274de16ca37f 

03-16-2026 15:41:35 INFO  Site: get_task_status_from_tasks_by_id: 2226: Successfully retrieved task details: {'status': 'PENDING', 'startTime': 1773690094944, 'resultLocation': '/dna/intent/api/v1/tasks/019cf82b-0560-76f9-91a8-274de16ca37f/detail', 'id': '019cf82b-0560-76f9-91a8-274de16ca37f'} 

03-16-2026 15:41:37 INFO  Site: get_task_status_from_tasks_by_id: 2226: Successfully retrieved task details: {'status': 'PENDING', 'startTime': 1773690094944, 'resultLocation': '/dna/intent/api/v1/tasks/019cf82b-0560-76f9-91a8-274de16ca37f/detail', 'id': '019cf82b-0560-76f9-91a8-274de16ca37f'} 

03-16-2026 15:41:39 INFO  Site: get_task_status_from_tasks_by_id: 2226: Successfully retrieved task details: {'endTime': 1773690097990, 'lastUpdate': 1773690097976, 'status': 'SUCCESS', 'startTime': 1773690094944, 'resultLocation': '/dna/intent/api/v1/tasks/019cf82b-0560-76f9-91a8-274de16ca37f/detail', 'id': '019cf82b-0560-76f9-91a8-274de16ca37f'} 

03-16-2026 15:41:39 INFO  Site: set_operation_result: 2041: Site created successfully. 

03-16-2026 15:41:39 INFO  Site: process_bulk_site: 1885: All sites have been successfully created. Proceeding with floor site processing. 

03-16-2026 15:41:39 INFO  Site: process_bulk_site: 1892: Processing floor site 'Floor 1'. 

03-16-2026 15:41:39 INFO  Site: process_bulk_site: 1908: No upload path provided for 'Floor 1'. Floor created without floor map. 

03-16-2026 15:41:39 INFO  Site: process_bulk_site: 1910: Bulk site creation process completed successfully. 

03-16-2026 15:43:36 INFO  Site: validate_input: 615: Configuration details found in the playbook: [{'site_type': 'area', 'site': {'area': {'name': 'PODS', 'parent_name': 'Global'}}}] 

03-16-2026 15:43:36 INFO  Site: validate_input: 646: Successfully validated playbook config params: [{'type': 'area', 'site': {'area': {'name': 'PODS', 'parent_name': 'Global'}}}] 

03-16-2026 15:43:36 INFO  Site: validate_site_input_data: 1556: Successfully validated config params. 

03-16-2026 15:43:36 INFO  Site: get_want: 1343: Processing site of type: area 

03-16-2026 15:43:36 INFO  Site: get_want: 1355: Desired State (want): [{'name': 'PODS', 'parent_name': 'Global', 'type': 'area'}] 

03-16-2026 15:43:36 INFO  Site: get_site_name_hierarchy: 1043: Constructed site name: Global/PODS 

03-16-2026 15:43:37 INFO  Site: execute_get_request: 2109: Response received from GET API call to Function: 'get_sites' from Family: 'site_design' is Response: {'response': [{'id': '4251d1e7-6ae1-4129-a3a6-e2e47d5698bf', 'parentId': 'a4208f2a-223c-4fbd-a881-33bd440dde60', 'name': 'PODS', 'nameHierarchy': 'Global/PODS', 'type': 'area'}], 'version': '1.0'} 

03-16-2026 15:43:37 INFO  Site: get_have: 1270: site information found: {'id': '4251d1e7-6ae1-4129-a3a6-e2e47d5698bf', 'parentId': 'a4208f2a-223c-4fbd-a881-33bd440dde60', 'name': 'PODS', 'nameHierarchy': 'Global/PODS', 'type': 'area'} 

03-16-2026 15:43:37 INFO  Site: get_diff_merged: 1979: Site - Global/PODS does not need any update 

03-16-2026 15:43:38 INFO  Site: validate_input: 615: Configuration details found in the playbook: [{'site_type': 'area', 'site': {'area': {'name': 'POD 0', 'parent_name': 'Global/PODS'}}}] 

03-16-2026 15:43:38 INFO  Site: validate_input: 646: Successfully validated playbook config params: [{'type': 'area', 'site': {'area': {'name': 'POD 0', 'parent_name': 'Global/PODS'}}}] 

03-16-2026 15:43:38 INFO  Site: validate_site_input_data: 1556: Successfully validated config params. 

03-16-2026 15:43:38 INFO  Site: get_want: 1343: Processing site of type: area 

03-16-2026 15:43:38 INFO  Site: get_want: 1355: Desired State (want): [{'name': 'POD 0', 'parent_name': 'Global/PODS', 'type': 'area'}] 

03-16-2026 15:43:38 INFO  Site: get_site_name_hierarchy: 1043: Constructed site name: Global/PODS/POD 0 

03-16-2026 15:43:39 INFO  Site: execute_get_request: 2109: Response received from GET API call to Function: 'get_sites' from Family: 'site_design' is Response: {'response': [{'id': '4249e605-1015-4da8-b8c4-5862425d93c8', 'parentId': '4251d1e7-6ae1-4129-a3a6-e2e47d5698bf', 'name': 'POD 0', 'nameHierarchy': 'Global/PODS/POD 0', 'type': 'area'}], 'version': '1.0'} 

03-16-2026 15:43:39 INFO  Site: get_have: 1270: site information found: {'id': '4249e605-1015-4da8-b8c4-5862425d93c8', 'parentId': '4251d1e7-6ae1-4129-a3a6-e2e47d5698bf', 'name': 'POD 0', 'nameHierarchy': 'Global/PODS/POD 0', 'type': 'area'} 

03-16-2026 15:43:39 INFO  Site: get_diff_merged: 1979: Site - Global/PODS/POD 0 does not need any update 

03-16-2026 15:43:40 INFO  Site: validate_input: 615: Configuration details found in the playbook: [{'site_type': 'building', 'site': {'building': {'name': 'Building P0', 'parent_name': 'Global/PODS/POD 0', 'address': '1 Cisco Way, San Jose, CA 95134', 'country': 'United States', 'latitude': 37.3382, 'longitude': -121.8863}}}] 

03-16-2026 15:43:40 INFO  Site: validate_input: 646: Successfully validated playbook config params: [{'type': 'building', 'site': {'building': {'name': 'Building P0', 'parent_name': 'Global/PODS/POD 0', 'address': '1 Cisco Way, San Jose, CA 95134', 'country': 'United States', 'latitude': 37.3382, 'longitude': -121.8863}}}] 

03-16-2026 15:43:40 INFO  Site: validate_site_input_data: 1556: Successfully validated config params. 

03-16-2026 15:43:40 INFO  Site: get_want: 1343: Processing site of type: building 

03-16-2026 15:43:40 INFO  Site: get_want: 1355: Desired State (want): [{'name': 'Building P0', 'parent_name': 'Global/PODS/POD 0', 'address': '1 Cisco Way, San Jose, CA 95134', 'country': 'United States', 'latitude': 37.3382, 'longitude': -121.8863, 'type': 'building'}] 

03-16-2026 15:43:40 INFO  Site: get_site_name_hierarchy: 1043: Constructed site name: Global/PODS/POD 0/Building P0 

03-16-2026 15:43:41 INFO  Site: execute_get_request: 2109: Response received from GET API call to Function: 'get_sites' from Family: 'site_design' is Response: {'response': [{'id': '06c5a060-af07-4193-a137-d09c502b1906', 'parentId': '4249e605-1015-4da8-b8c4-5862425d93c8', 'name': 'Building P0', 'nameHierarchy': 'Global/PODS/POD 0/Building P0', 'type': 'building', 'latitude': 37.3382, 'longitude': -121.8863, 'address': '1 Cisco Way, San Jose, CA 95134', 'country': 'United States'}], 'version': '1.0'} 

03-16-2026 15:43:41 INFO  Site: get_have: 1270: site information found: {'id': '06c5a060-af07-4193-a137-d09c502b1906', 'parentId': '4249e605-1015-4da8-b8c4-5862425d93c8', 'name': 'Building P0', 'nameHierarchy': 'Global/PODS/POD 0/Building P0', 'type': 'building', 'latitude': 37.3382, 'longitude': -121.8863, 'address': '1 Cisco Way, San Jose, CA 95134', 'country': 'United States'} 

03-16-2026 15:43:41 INFO  Site: site_requires_update: 1189: Current site details: {'id': '06c5a060-af07-4193-a137-d09c502b1906', 'parentId': '4249e605-1015-4da8-b8c4-5862425d93c8', 'name': 'Building P0', 'nameHierarchy': 'Global/PODS/POD 0/Building P0', 'type': 'building', 'latitude': 37.3382, 'longitude': -121.8863, 'address': '1 Cisco Way, San Jose, CA 95134', 'country': 'United States', 'parentName': 'Global/PODS/POD 0'} 

03-16-2026 15:43:41 INFO  Site: site_requires_update: 1193: Updated Site details: {
    "id": "06c5a060-af07-4193-a137-d09c502b1906",
    "parentId": "4249e605-1015-4da8-b8c4-5862425d93c8",
    "name": "Building P0",
    "nameHierarchy": "Global/PODS/POD 0/Building P0",
    "type": "building",
    "latitude": 37.3382,
    "longitude": -121.8863,
    "address": "1 Cisco Way, San Jose, CA 95134",
    "country": "United States",
    "parentName": "Global/PODS/POD 0"
} 

03-16-2026 15:43:41 INFO  Site: site_requires_update: 1194: Requested Site details: {
    "name": "Building P0",
    "address": "1 Cisco Way, San Jose, CA 95134",
    "parentName": "Global/PODS/POD 0",
    "latitude": 37.3382,
    "longitude": -121.8863,
    "country": "United States"
} 

03-16-2026 15:43:41 INFO  Site: get_diff_merged: 2047: Site - Global/PODS/POD 0/Building P0 does not need any update 

03-16-2026 15:43:42 INFO  Site: validate_input: 615: Configuration details found in the playbook: [{'site_type': 'floor', 'site': {'floor': {'name': 'Floor 1', 'parent_name': 'Global/PODS/POD 0/Building P0', 'rf_model': 'Cubes And Walled Offices', 'width': 100, 'length': 100, 'height': 10, 'floor_number': 1}}}] 

03-16-2026 15:43:42 INFO  Site: validate_input: 646: Successfully validated playbook config params: [{'type': 'floor', 'site': {'floor': {'name': 'Floor 1', 'parent_name': 'Global/PODS/POD 0/Building P0', 'rf_model': 'Cubes And Walled Offices', 'width': 100, 'length': 100, 'height': 10, 'floor_number': 1}}}] 

03-16-2026 15:43:42 INFO  Site: validate_site_input_data: 1533: Default value assigned for units_of_measure: feet. 

03-16-2026 15:43:42 INFO  Site: validate_site_input_data: 1556: Successfully validated config params. 

03-16-2026 15:43:42 INFO  Site: get_want: 1343: Processing site of type: floor 

03-16-2026 15:43:42 INFO  Site: get_want: 1355: Desired State (want): [{'name': 'Floor 1', 'parent_name': 'Global/PODS/POD 0/Building P0', 'rf_model': 'Cubes And Walled Offices', 'width': 100, 'length': 100, 'height': 10, 'floor_number': 1, 'units_of_measure': 'feet', 'type': 'floor'}] 

03-16-2026 15:43:42 INFO  Site: get_site_name_hierarchy: 1043: Constructed site name: Global/PODS/POD 0/Building P0/Floor 1 

03-16-2026 15:43:43 INFO  Site: execute_get_request: 2109: Response received from GET API call to Function: 'get_sites' from Family: 'site_design' is Response: {'response': [{'id': 'ddaca06f-897a-4e7f-a706-30dfa4602e76', 'parentId': '06c5a060-af07-4193-a137-d09c502b1906', 'name': 'Floor 1', 'nameHierarchy': 'Global/PODS/POD 0/Building P0/Floor 1', 'type': 'floor', 'floorNumber': 1, 'rfModel': 'Cubes And Walled Offices', 'width': 100.0, 'length': 100.0, 'height': 10.0, 'unitsOfMeasure': 'feet'}], 'version': '1.0'} 

03-16-2026 15:43:43 INFO  Site: get_have: 1270: site information found: {'id': 'ddaca06f-897a-4e7f-a706-30dfa4602e76', 'parentId': '06c5a060-af07-4193-a137-d09c502b1906', 'name': 'Floor 1', 'nameHierarchy': 'Global/PODS/POD 0/Building P0/Floor 1', 'type': 'floor', 'floorNumber': 1, 'rfModel': 'Cubes And Walled Offices', 'width': 100.0, 'length': 100.0, 'height': 10.0, 'unitsOfMeasure': 'feet'} 

03-16-2026 15:43:43 INFO  Site: site_requires_update: 1189: Current site details: {'id': 'ddaca06f-897a-4e7f-a706-30dfa4602e76', 'parentId': '06c5a060-af07-4193-a137-d09c502b1906', 'name': 'Floor 1', 'nameHierarchy': 'Global/PODS/POD 0/Building P0/Floor 1', 'type': 'floor', 'floorNumber': 1, 'rfModel': 'Cubes And Walled Offices', 'width': 100.0, 'length': 100.0, 'height': 10.0, 'unitsOfMeasure': 'feet', 'parentName': 'Global/PODS/POD 0/Building P0'} 

03-16-2026 15:43:43 INFO  Site: site_requires_update: 1193: Updated Site details: {
    "id": "ddaca06f-897a-4e7f-a706-30dfa4602e76",
    "parentId": "06c5a060-af07-4193-a137-d09c502b1906",
    "name": "Floor 1",
    "nameHierarchy": "Global/PODS/POD 0/Building P0/Floor 1",
    "type": "floor",
    "floorNumber": 1,
    "rfModel": "Cubes And Walled Offices",
    "width": 100.0,
    "length": 100.0,
    "height": 10.0,
    "unitsOfMeasure": "feet",
    "parentName": "Global/PODS/POD 0/Building P0"
} 

03-16-2026 15:43:43 INFO  Site: site_requires_update: 1194: Requested Site details: {
    "name": "Floor 1",
    "parentName": "Global/PODS/POD 0/Building P0",
    "length": 100,
    "width": 100,
    "height": 10,
    "floorNumber": 1,
    "unitsOfMeasure": "feet",
    "rfModel": "Cubes And Walled Offices"
} 

03-16-2026 15:43:43 INFO  Site: get_diff_merged: 2047: Site - Global/PODS/POD 0/Building P0/Floor 1 does not need any update 

03-17-2026 15:15:52 INFO  Site: validate_input: 615: Configuration details found in the playbook: [{'site_type': 'area', 'site': {'area': {'name': 'PODS', 'parent_name': 'Global'}}}] 

03-17-2026 15:15:52 INFO  Site: validate_input: 646: Successfully validated playbook config params: [{'type': 'area', 'site': {'area': {'name': 'PODS', 'parent_name': 'Global'}}}] 

03-17-2026 15:15:52 INFO  Site: validate_site_input_data: 1556: Successfully validated config params. 

03-17-2026 15:15:52 INFO  Site: get_want: 1343: Processing site of type: area 

03-17-2026 15:15:52 INFO  Site: get_want: 1355: Desired State (want): [{'name': 'PODS', 'parent_name': 'Global', 'type': 'area'}] 

03-17-2026 15:15:52 INFO  Site: get_site_name_hierarchy: 1043: Constructed site name: Global/PODS 

03-17-2026 15:15:53 INFO  Site: execute_get_request: 2109: Response received from GET API call to Function: 'get_sites' from Family: 'site_design' is Response: {'response': [], 'version': '1.0'} 

03-17-2026 15:15:53 WARNING  Site: execute_get_request: 2127: Empty 'response' key in the API response from GET API call to Function: 'get_sites' from Family: 'site_design'. 

03-17-2026 15:15:53 WARNING  Site: get_site: 888: No site details found for site name: 'Global/PODS'. 

03-17-2026 15:15:53 ERROR  Site: get_have: 1253: Unexpected response received: 

03-17-2026 15:15:53 INFO  Site: process_bulk_site: 1852: Initiating bulk site creation for 1 sites. 

03-17-2026 15:15:53 INFO  Site: creating_bulk_site: 1730: Before executing create site: [{'name': 'PODS', 'type': 'area', 'parentNameHierarchy': 'Global'}] 

03-17-2026 15:15:53 INFO  Site: creating_bulk_site: 1744: Site creation successful. Response: {'response': {'taskId': '019cfd39-e294-7f38-9b29-3a78baa71bab', 'url': '/api/v1/task/019cfd39-e294-7f38-9b29-3a78baa71bab'}, 'version': '1.0'} 

03-17-2026 15:15:53 INFO  Site: process_bulk_site: 1867: Task Id for the 'site_creation' task: 019cfd39-e294-7f38-9b29-3a78baa71bab 

03-17-2026 15:15:53 INFO  Site: get_task_status_from_tasks_by_id: 2226: Successfully retrieved task details: {'status': 'PENDING', 'startTime': 1773774955156, 'resultLocation': '/dna/intent/api/v1/tasks/019cfd39-e294-7f38-9b29-3a78baa71bab/detail', 'id': '019cfd39-e294-7f38-9b29-3a78baa71bab'} 

03-17-2026 15:15:55 INFO  Site: get_task_status_from_tasks_by_id: 2226: Successfully retrieved task details: {'status': 'PENDING', 'startTime': 1773774955156, 'resultLocation': '/dna/intent/api/v1/tasks/019cfd39-e294-7f38-9b29-3a78baa71bab/detail', 'id': '019cfd39-e294-7f38-9b29-3a78baa71bab'} 

03-17-2026 15:15:57 INFO  Site: get_task_status_from_tasks_by_id: 2226: Successfully retrieved task details: {'endTime': 1773774958187, 'lastUpdate': 1773774958185, 'status': 'SUCCESS', 'startTime': 1773774955156, 'resultLocation': '/dna/intent/api/v1/tasks/019cfd39-e294-7f38-9b29-3a78baa71bab/detail', 'id': '019cfd39-e294-7f38-9b29-3a78baa71bab'} 

03-17-2026 15:15:57 INFO  Site: set_operation_result: 2041: Site created successfully. 

03-17-2026 15:15:57 INFO  Site: process_bulk_site: 1885: All sites have been successfully created. Proceeding with floor site processing. 

03-17-2026 15:15:57 INFO  Site: process_bulk_site: 1910: Bulk site creation process completed successfully. 

03-17-2026 15:15:59 INFO  Site: validate_input: 615: Configuration details found in the playbook: [{'site_type': 'area', 'site': {'area': {'name': 'POD 0', 'parent_name': 'Global/PODS'}}}] 

03-17-2026 15:15:59 INFO  Site: validate_input: 646: Successfully validated playbook config params: [{'type': 'area', 'site': {'area': {'name': 'POD 0', 'parent_name': 'Global/PODS'}}}] 

03-17-2026 15:15:59 INFO  Site: validate_site_input_data: 1556: Successfully validated config params. 

03-17-2026 15:15:59 INFO  Site: get_want: 1343: Processing site of type: area 

03-17-2026 15:15:59 INFO  Site: get_want: 1355: Desired State (want): [{'name': 'POD 0', 'parent_name': 'Global/PODS', 'type': 'area'}] 

03-17-2026 15:15:59 INFO  Site: get_site_name_hierarchy: 1043: Constructed site name: Global/PODS/POD 0 

03-17-2026 15:15:59 INFO  Site: execute_get_request: 2109: Response received from GET API call to Function: 'get_sites' from Family: 'site_design' is Response: {'response': [], 'version': '1.0'} 

03-17-2026 15:15:59 WARNING  Site: execute_get_request: 2127: Empty 'response' key in the API response from GET API call to Function: 'get_sites' from Family: 'site_design'. 

03-17-2026 15:15:59 WARNING  Site: get_site: 888: No site details found for site name: 'Global/PODS/POD 0'. 

03-17-2026 15:15:59 ERROR  Site: get_have: 1253: Unexpected response received: 

03-17-2026 15:15:59 INFO  Site: process_bulk_site: 1852: Initiating bulk site creation for 1 sites. 

03-17-2026 15:15:59 INFO  Site: creating_bulk_site: 1730: Before executing create site: [{'name': 'POD 0', 'type': 'area', 'parentNameHierarchy': 'Global/PODS'}] 

03-17-2026 15:15:59 INFO  Site: creating_bulk_site: 1744: Site creation successful. Response: {'response': {'taskId': '019cfd39-fc9f-7d48-af58-fe6448b8d82c', 'url': '/api/v1/task/019cfd39-fc9f-7d48-af58-fe6448b8d82c'}, 'version': '1.0'} 

03-17-2026 15:15:59 INFO  Site: process_bulk_site: 1867: Task Id for the 'site_creation' task: 019cfd39-fc9f-7d48-af58-fe6448b8d82c 

03-17-2026 15:16:00 INFO  Site: get_task_status_from_tasks_by_id: 2226: Successfully retrieved task details: {'status': 'PENDING', 'startTime': 1773774961823, 'resultLocation': '/dna/intent/api/v1/tasks/019cfd39-fc9f-7d48-af58-fe6448b8d82c/detail', 'id': '019cfd39-fc9f-7d48-af58-fe6448b8d82c'} 

03-17-2026 15:16:02 INFO  Site: get_task_status_from_tasks_by_id: 2226: Successfully retrieved task details: {'status': 'PENDING', 'startTime': 1773774961823, 'resultLocation': '/dna/intent/api/v1/tasks/019cfd39-fc9f-7d48-af58-fe6448b8d82c/detail', 'id': '019cfd39-fc9f-7d48-af58-fe6448b8d82c'} 

03-17-2026 15:16:04 INFO  Site: get_task_status_from_tasks_by_id: 2226: Successfully retrieved task details: {'endTime': 1773774964849, 'lastUpdate': 1773774964846, 'status': 'SUCCESS', 'startTime': 1773774961823, 'resultLocation': '/dna/intent/api/v1/tasks/019cfd39-fc9f-7d48-af58-fe6448b8d82c/detail', 'id': '019cfd39-fc9f-7d48-af58-fe6448b8d82c'} 

03-17-2026 15:16:04 INFO  Site: set_operation_result: 2041: Site created successfully. 

03-17-2026 15:16:04 INFO  Site: process_bulk_site: 1885: All sites have been successfully created. Proceeding with floor site processing. 

03-17-2026 15:16:04 INFO  Site: process_bulk_site: 1910: Bulk site creation process completed successfully. 

03-17-2026 15:16:05 INFO  Site: validate_input: 615: Configuration details found in the playbook: [{'site_type': 'building', 'site': {'building': {'name': 'Building P0', 'parent_name': 'Global/PODS/POD 0', 'address': '1 Cisco Way, San Jose, CA 95134', 'country': 'United States', 'latitude': 37.3382, 'longitude': -121.8863}}}] 

03-17-2026 15:16:05 INFO  Site: validate_input: 646: Successfully validated playbook config params: [{'type': 'building', 'site': {'building': {'name': 'Building P0', 'parent_name': 'Global/PODS/POD 0', 'address': '1 Cisco Way, San Jose, CA 95134', 'country': 'United States', 'latitude': 37.3382, 'longitude': -121.8863}}}] 

03-17-2026 15:16:05 INFO  Site: validate_site_input_data: 1556: Successfully validated config params. 

03-17-2026 15:16:05 INFO  Site: get_want: 1343: Processing site of type: building 

03-17-2026 15:16:05 INFO  Site: get_want: 1355: Desired State (want): [{'name': 'Building P0', 'parent_name': 'Global/PODS/POD 0', 'address': '1 Cisco Way, San Jose, CA 95134', 'country': 'United States', 'latitude': 37.3382, 'longitude': -121.8863, 'type': 'building'}] 

03-17-2026 15:16:06 INFO  Site: get_site_name_hierarchy: 1043: Constructed site name: Global/PODS/POD 0/Building P0 

03-17-2026 15:16:06 INFO  Site: execute_get_request: 2109: Response received from GET API call to Function: 'get_sites' from Family: 'site_design' is Response: {'response': [], 'version': '1.0'} 

03-17-2026 15:16:06 WARNING  Site: execute_get_request: 2127: Empty 'response' key in the API response from GET API call to Function: 'get_sites' from Family: 'site_design'. 

03-17-2026 15:16:06 WARNING  Site: get_site: 888: No site details found for site name: 'Global/PODS/POD 0/Building P0'. 

03-17-2026 15:16:06 ERROR  Site: get_have: 1253: Unexpected response received: 

03-17-2026 15:16:06 INFO  Site: process_bulk_site: 1852: Initiating bulk site creation for 1 sites. 

03-17-2026 15:16:06 INFO  Site: creating_bulk_site: 1730: Before executing create site: [{'name': 'Building P0', 'type': 'building', 'address': '1 Cisco Way, San Jose, CA 95134', 'country': 'United States', 'latitude': 37.3382, 'longitude': -121.8863, 'parentNameHierarchy': 'Global/PODS/POD 0'}] 

03-17-2026 15:16:06 INFO  Site: creating_bulk_site: 1744: Site creation successful. Response: {'response': {'taskId': '019cfd3a-16d2-72e7-984f-21d40c31df0b', 'url': '/api/v1/task/019cfd3a-16d2-72e7-984f-21d40c31df0b'}, 'version': '1.0'} 

03-17-2026 15:16:06 INFO  Site: process_bulk_site: 1867: Task Id for the 'site_creation' task: 019cfd3a-16d2-72e7-984f-21d40c31df0b 

03-17-2026 15:16:06 INFO  Site: get_task_status_from_tasks_by_id: 2226: Successfully retrieved task details: {'status': 'PENDING', 'startTime': 1773774968530, 'resultLocation': '/dna/intent/api/v1/tasks/019cfd3a-16d2-72e7-984f-21d40c31df0b/detail', 'id': '019cfd3a-16d2-72e7-984f-21d40c31df0b'} 

03-17-2026 15:16:08 INFO  Site: get_task_status_from_tasks_by_id: 2226: Successfully retrieved task details: {'status': 'PENDING', 'startTime': 1773774968530, 'resultLocation': '/dna/intent/api/v1/tasks/019cfd3a-16d2-72e7-984f-21d40c31df0b/detail', 'id': '019cfd3a-16d2-72e7-984f-21d40c31df0b'} 

03-17-2026 15:16:10 INFO  Site: get_task_status_from_tasks_by_id: 2226: Successfully retrieved task details: {'endTime': 1773774971557, 'lastUpdate': 1773774971555, 'status': 'SUCCESS', 'startTime': 1773774968530, 'resultLocation': '/dna/intent/api/v1/tasks/019cfd3a-16d2-72e7-984f-21d40c31df0b/detail', 'id': '019cfd3a-16d2-72e7-984f-21d40c31df0b'} 

03-17-2026 15:16:11 INFO  Site: set_operation_result: 2041: Site created successfully. 

03-17-2026 15:16:11 INFO  Site: process_bulk_site: 1885: All sites have been successfully created. Proceeding with floor site processing. 

03-17-2026 15:16:11 INFO  Site: process_bulk_site: 1910: Bulk site creation process completed successfully. 

03-17-2026 15:16:12 INFO  Site: validate_input: 615: Configuration details found in the playbook: [{'site_type': 'floor', 'site': {'floor': {'name': 'Floor 1', 'parent_name': 'Global/PODS/POD 0/Building P0', 'rf_model': 'Cubes And Walled Offices', 'width': 100, 'length': 100, 'height': 10, 'floor_number': 1}}}] 

03-17-2026 15:16:12 INFO  Site: validate_input: 646: Successfully validated playbook config params: [{'type': 'floor', 'site': {'floor': {'name': 'Floor 1', 'parent_name': 'Global/PODS/POD 0/Building P0', 'rf_model': 'Cubes And Walled Offices', 'width': 100, 'length': 100, 'height': 10, 'floor_number': 1}}}] 

03-17-2026 15:16:12 INFO  Site: validate_site_input_data: 1533: Default value assigned for units_of_measure: feet. 

03-17-2026 15:16:12 INFO  Site: validate_site_input_data: 1556: Successfully validated config params. 

03-17-2026 15:16:12 INFO  Site: get_want: 1343: Processing site of type: floor 

03-17-2026 15:16:12 INFO  Site: get_want: 1355: Desired State (want): [{'name': 'Floor 1', 'parent_name': 'Global/PODS/POD 0/Building P0', 'rf_model': 'Cubes And Walled Offices', 'width': 100, 'length': 100, 'height': 10, 'floor_number': 1, 'units_of_measure': 'feet', 'type': 'floor'}] 

03-17-2026 15:16:12 INFO  Site: get_site_name_hierarchy: 1043: Constructed site name: Global/PODS/POD 0/Building P0/Floor 1 

03-17-2026 15:16:13 INFO  Site: execute_get_request: 2109: Response received from GET API call to Function: 'get_sites' from Family: 'site_design' is Response: {'response': [], 'version': '1.0'} 

03-17-2026 15:16:13 WARNING  Site: execute_get_request: 2127: Empty 'response' key in the API response from GET API call to Function: 'get_sites' from Family: 'site_design'. 

03-17-2026 15:16:13 WARNING  Site: get_site: 888: No site details found for site name: 'Global/PODS/POD 0/Building P0/Floor 1'. 

03-17-2026 15:16:13 ERROR  Site: get_have: 1253: Unexpected response received: 

03-17-2026 15:16:13 INFO  Site: process_bulk_site: 1852: Initiating bulk site creation for 1 sites. 

03-17-2026 15:16:13 INFO  Site: creating_bulk_site: 1730: Before executing create site: [{'name': 'Floor 1', 'type': 'floor', 'rfModel': 'Cubes And Walled Offices', 'width': 100, 'length': 100, 'height': 10, 'floorNumber': 1, 'unitsOfMeasure': 'feet', 'parentNameHierarchy': 'Global/PODS/POD 0/Building P0'}] 

03-17-2026 15:16:13 INFO  Site: creating_bulk_site: 1744: Site creation successful. Response: {'response': {'taskId': '019cfd3a-311e-757a-be41-9900b1a252d4', 'url': '/api/v1/task/019cfd3a-311e-757a-be41-9900b1a252d4'}, 'version': '1.0'} 

03-17-2026 15:16:13 INFO  Site: process_bulk_site: 1867: Task Id for the 'site_creation' task: 019cfd3a-311e-757a-be41-9900b1a252d4 

03-17-2026 15:16:13 INFO  Site: get_task_status_from_tasks_by_id: 2226: Successfully retrieved task details: {'status': 'PENDING', 'startTime': 1773774975262, 'resultLocation': '/dna/intent/api/v1/tasks/019cfd3a-311e-757a-be41-9900b1a252d4/detail', 'id': '019cfd3a-311e-757a-be41-9900b1a252d4'} 

03-17-2026 15:16:15 INFO  Site: get_task_status_from_tasks_by_id: 2226: Successfully retrieved task details: {'status': 'PENDING', 'startTime': 1773774975262, 'resultLocation': '/dna/intent/api/v1/tasks/019cfd3a-311e-757a-be41-9900b1a252d4/detail', 'id': '019cfd3a-311e-757a-be41-9900b1a252d4'} 

03-17-2026 15:16:17 INFO  Site: get_task_status_from_tasks_by_id: 2226: Successfully retrieved task details: {'endTime': 1773774978296, 'lastUpdate': 1773774978292, 'status': 'SUCCESS', 'startTime': 1773774975262, 'resultLocation': '/dna/intent/api/v1/tasks/019cfd3a-311e-757a-be41-9900b1a252d4/detail', 'id': '019cfd3a-311e-757a-be41-9900b1a252d4'} 

03-17-2026 15:16:17 INFO  Site: set_operation_result: 2041: Site created successfully. 

03-17-2026 15:16:17 INFO  Site: process_bulk_site: 1885: All sites have been successfully created. Proceeding with floor site processing. 

03-17-2026 15:16:17 INFO  Site: process_bulk_site: 1892: Processing floor site 'Floor 1'. 

03-17-2026 15:16:17 INFO  Site: process_bulk_site: 1908: No upload path provided for 'Floor 1'. Floor created without floor map. 

03-17-2026 15:16:17 INFO  Site: process_bulk_site: 1910: Bulk site creation process completed successfully. 

03-19-2026 11:41:44 INFO  Site: validate_input: 615: Configuration details found in the playbook: [{'site_type': 'area', 'site': {'area': {'name': 'PODS', 'parent_name': 'Global'}}}] 

03-19-2026 11:41:45 INFO  Site: validate_input: 646: Successfully validated playbook config params: [{'type': 'area', 'site': {'area': {'name': 'PODS', 'parent_name': 'Global'}}}] 

03-19-2026 11:41:45 INFO  Site: validate_site_input_data: 1556: Successfully validated config params. 

03-19-2026 11:41:45 INFO  Site: get_want: 1343: Processing site of type: area 

03-19-2026 11:41:45 INFO  Site: get_want: 1355: Desired State (want): [{'name': 'PODS', 'parent_name': 'Global', 'type': 'area'}] 

03-19-2026 11:41:45 INFO  Site: get_site_name_hierarchy: 1043: Constructed site name: Global/PODS 

03-19-2026 11:41:45 INFO  Site: execute_get_request: 2109: Response received from GET API call to Function: 'get_sites' from Family: 'site_design' is Response: {'response': [{'id': '13b224f0-c358-4d2e-96f2-b6e7bea42887', 'parentId': 'a4208f2a-223c-4fbd-a881-33bd440dde60', 'name': 'PODS', 'nameHierarchy': 'Global/PODS', 'type': 'area'}], 'version': '1.0'} 

03-19-2026 11:41:45 INFO  Site: get_have: 1270: site information found: {'id': '13b224f0-c358-4d2e-96f2-b6e7bea42887', 'parentId': 'a4208f2a-223c-4fbd-a881-33bd440dde60', 'name': 'PODS', 'nameHierarchy': 'Global/PODS', 'type': 'area'} 

03-19-2026 11:41:45 INFO  Site: get_diff_merged: 1979: Site - Global/PODS does not need any update 

03-19-2026 11:41:47 INFO  Site: validate_input: 615: Configuration details found in the playbook: [{'site_type': 'area', 'site': {'area': {'name': 'POD 0', 'parent_name': 'Global/PODS'}}}] 

03-19-2026 11:41:47 INFO  Site: validate_input: 646: Successfully validated playbook config params: [{'type': 'area', 'site': {'area': {'name': 'POD 0', 'parent_name': 'Global/PODS'}}}] 

03-19-2026 11:41:47 INFO  Site: validate_site_input_data: 1556: Successfully validated config params. 

03-19-2026 11:41:47 INFO  Site: get_want: 1343: Processing site of type: area 

03-19-2026 11:41:47 INFO  Site: get_want: 1355: Desired State (want): [{'name': 'POD 0', 'parent_name': 'Global/PODS', 'type': 'area'}] 

03-19-2026 11:41:47 INFO  Site: get_site_name_hierarchy: 1043: Constructed site name: Global/PODS/POD 0 

03-19-2026 11:41:51 INFO  Site: execute_get_request: 2109: Response received from GET API call to Function: 'get_sites' from Family: 'site_design' is Response: {'response': [{'id': '5d7c7b49-9b6c-453a-8ff2-36c9332bb176', 'parentId': '13b224f0-c358-4d2e-96f2-b6e7bea42887', 'name': 'POD 0', 'nameHierarchy': 'Global/PODS/POD 0', 'type': 'area'}], 'version': '1.0'} 

03-19-2026 11:41:51 INFO  Site: get_have: 1270: site information found: {'id': '5d7c7b49-9b6c-453a-8ff2-36c9332bb176', 'parentId': '13b224f0-c358-4d2e-96f2-b6e7bea42887', 'name': 'POD 0', 'nameHierarchy': 'Global/PODS/POD 0', 'type': 'area'} 

03-19-2026 11:41:51 INFO  Site: get_diff_merged: 1979: Site - Global/PODS/POD 0 does not need any update 

03-19-2026 11:41:53 INFO  Site: validate_input: 615: Configuration details found in the playbook: [{'site_type': 'building', 'site': {'building': {'name': 'Building P0', 'parent_name': 'Global/PODS/POD 0', 'address': '1 Cisco Way, San Jose, CA 95134', 'country': 'United States', 'latitude': 37.3382, 'longitude': -121.8863}}}] 

03-19-2026 11:41:53 INFO  Site: validate_input: 646: Successfully validated playbook config params: [{'type': 'building', 'site': {'building': {'name': 'Building P0', 'parent_name': 'Global/PODS/POD 0', 'address': '1 Cisco Way, San Jose, CA 95134', 'country': 'United States', 'latitude': 37.3382, 'longitude': -121.8863}}}] 

03-19-2026 11:41:53 INFO  Site: validate_site_input_data: 1556: Successfully validated config params. 

03-19-2026 11:41:53 INFO  Site: get_want: 1343: Processing site of type: building 

03-19-2026 11:41:53 INFO  Site: get_want: 1355: Desired State (want): [{'name': 'Building P0', 'parent_name': 'Global/PODS/POD 0', 'address': '1 Cisco Way, San Jose, CA 95134', 'country': 'United States', 'latitude': 37.3382, 'longitude': -121.8863, 'type': 'building'}] 

03-19-2026 11:41:53 INFO  Site: get_site_name_hierarchy: 1043: Constructed site name: Global/PODS/POD 0/Building P0 

03-19-2026 11:41:53 INFO  Site: execute_get_request: 2109: Response received from GET API call to Function: 'get_sites' from Family: 'site_design' is Response: {'response': [], 'version': '1.0'} 

03-19-2026 11:41:53 WARNING  Site: execute_get_request: 2127: Empty 'response' key in the API response from GET API call to Function: 'get_sites' from Family: 'site_design'. 

03-19-2026 11:41:53 WARNING  Site: get_site: 888: No site details found for site name: 'Global/PODS/POD 0/Building P0'. 

03-19-2026 11:41:53 ERROR  Site: get_have: 1253: Unexpected response received: 

03-19-2026 11:41:53 INFO  Site: process_bulk_site: 1852: Initiating bulk site creation for 1 sites. 

03-19-2026 11:41:53 INFO  Site: creating_bulk_site: 1730: Before executing create site: [{'name': 'Building P0', 'type': 'building', 'address': '1 Cisco Way, San Jose, CA 95134', 'country': 'United States', 'latitude': 37.3382, 'longitude': -121.8863, 'parentNameHierarchy': 'Global/PODS/POD 0'}] 

03-19-2026 11:41:53 INFO  Site: creating_bulk_site: 1744: Site creation successful. Response: {'response': {'taskId': '019d06c2-c038-7b2d-9b81-e32cb78d2cf6', 'url': '/api/v1/task/019d06c2-c038-7b2d-9b81-e32cb78d2cf6'}, 'version': '1.0'} 

03-19-2026 11:41:53 INFO  Site: process_bulk_site: 1867: Task Id for the 'site_creation' task: 019d06c2-c038-7b2d-9b81-e32cb78d2cf6 

03-19-2026 11:41:54 INFO  Site: get_task_status_from_tasks_by_id: 2226: Successfully retrieved task details: {'status': 'PENDING', 'startTime': 1773934919736, 'resultLocation': '/dna/intent/api/v1/tasks/019d06c2-c038-7b2d-9b81-e32cb78d2cf6/detail', 'id': '019d06c2-c038-7b2d-9b81-e32cb78d2cf6'} 

03-19-2026 11:41:56 INFO  Site: get_task_status_from_tasks_by_id: 2226: Successfully retrieved task details: {'status': 'PENDING', 'startTime': 1773934919736, 'resultLocation': '/dna/intent/api/v1/tasks/019d06c2-c038-7b2d-9b81-e32cb78d2cf6/detail', 'id': '019d06c2-c038-7b2d-9b81-e32cb78d2cf6'} 

03-19-2026 11:41:58 INFO  Site: get_task_status_from_tasks_by_id: 2226: Successfully retrieved task details: {'endTime': 1773934922778, 'lastUpdate': 1773934922775, 'status': 'SUCCESS', 'startTime': 1773934919736, 'resultLocation': '/dna/intent/api/v1/tasks/019d06c2-c038-7b2d-9b81-e32cb78d2cf6/detail', 'id': '019d06c2-c038-7b2d-9b81-e32cb78d2cf6'} 

03-19-2026 11:41:58 INFO  Site: set_operation_result: 2041: Site created successfully. 

03-19-2026 11:41:58 INFO  Site: process_bulk_site: 1885: All sites have been successfully created. Proceeding with floor site processing. 

03-19-2026 11:41:58 INFO  Site: process_bulk_site: 1910: Bulk site creation process completed successfully. 

03-19-2026 11:41:59 INFO  Site: validate_input: 615: Configuration details found in the playbook: [{'site_type': 'floor', 'site': {'floor': {'name': 'Floor 1', 'parent_name': 'Global/PODS/POD 0/Building P0', 'rf_model': 'Cubes And Walled Offices', 'width': 100, 'length': 100, 'height': 10, 'floor_number': 1}}}] 

03-19-2026 11:41:59 INFO  Site: validate_input: 646: Successfully validated playbook config params: [{'type': 'floor', 'site': {'floor': {'name': 'Floor 1', 'parent_name': 'Global/PODS/POD 0/Building P0', 'rf_model': 'Cubes And Walled Offices', 'width': 100, 'length': 100, 'height': 10, 'floor_number': 1}}}] 

03-19-2026 11:41:59 INFO  Site: validate_site_input_data: 1533: Default value assigned for units_of_measure: feet. 

03-19-2026 11:41:59 INFO  Site: validate_site_input_data: 1556: Successfully validated config params. 

03-19-2026 11:41:59 INFO  Site: get_want: 1343: Processing site of type: floor 

03-19-2026 11:41:59 INFO  Site: get_want: 1355: Desired State (want): [{'name': 'Floor 1', 'parent_name': 'Global/PODS/POD 0/Building P0', 'rf_model': 'Cubes And Walled Offices', 'width': 100, 'length': 100, 'height': 10, 'floor_number': 1, 'units_of_measure': 'feet', 'type': 'floor'}] 

03-19-2026 11:41:59 INFO  Site: get_site_name_hierarchy: 1043: Constructed site name: Global/PODS/POD 0/Building P0/Floor 1 

03-19-2026 11:42:00 INFO  Site: execute_get_request: 2109: Response received from GET API call to Function: 'get_sites' from Family: 'site_design' is Response: {'response': [], 'version': '1.0'} 

03-19-2026 11:42:00 WARNING  Site: execute_get_request: 2127: Empty 'response' key in the API response from GET API call to Function: 'get_sites' from Family: 'site_design'. 

03-19-2026 11:42:00 WARNING  Site: get_site: 888: No site details found for site name: 'Global/PODS/POD 0/Building P0/Floor 1'. 

03-19-2026 11:42:00 ERROR  Site: get_have: 1253: Unexpected response received: 

03-19-2026 11:42:00 INFO  Site: process_bulk_site: 1852: Initiating bulk site creation for 1 sites. 

03-19-2026 11:42:00 INFO  Site: creating_bulk_site: 1730: Before executing create site: [{'name': 'Floor 1', 'type': 'floor', 'rfModel': 'Cubes And Walled Offices', 'width': 100, 'length': 100, 'height': 10, 'floorNumber': 1, 'unitsOfMeasure': 'feet', 'parentNameHierarchy': 'Global/PODS/POD 0/Building P0'}] 

03-19-2026 11:42:00 INFO  Site: creating_bulk_site: 1744: Site creation successful. Response: {'response': {'taskId': '019d06c2-d95f-70ef-b880-22b52bc4c382', 'url': '/api/v1/task/019d06c2-d95f-70ef-b880-22b52bc4c382'}, 'version': '1.0'} 

03-19-2026 11:42:00 INFO  Site: process_bulk_site: 1867: Task Id for the 'site_creation' task: 019d06c2-d95f-70ef-b880-22b52bc4c382 

03-19-2026 11:42:00 INFO  Site: get_task_status_from_tasks_by_id: 2226: Successfully retrieved task details: {'status': 'PENDING', 'startTime': 1773934926176, 'resultLocation': '/dna/intent/api/v1/tasks/019d06c2-d95f-70ef-b880-22b52bc4c382/detail', 'id': '019d06c2-d95f-70ef-b880-22b52bc4c382'} 

03-19-2026 11:42:02 INFO  Site: get_task_status_from_tasks_by_id: 2226: Successfully retrieved task details: {'status': 'PENDING', 'startTime': 1773934926176, 'resultLocation': '/dna/intent/api/v1/tasks/019d06c2-d95f-70ef-b880-22b52bc4c382/detail', 'id': '019d06c2-d95f-70ef-b880-22b52bc4c382'} 

03-19-2026 11:42:04 INFO  Site: get_task_status_from_tasks_by_id: 2226: Successfully retrieved task details: {'endTime': 1773934929209, 'lastUpdate': 1773934929206, 'status': 'SUCCESS', 'startTime': 1773934926176, 'resultLocation': '/dna/intent/api/v1/tasks/019d06c2-d95f-70ef-b880-22b52bc4c382/detail', 'id': '019d06c2-d95f-70ef-b880-22b52bc4c382'} 

03-19-2026 11:42:04 INFO  Site: set_operation_result: 2041: Site created successfully. 

03-19-2026 11:42:04 INFO  Site: process_bulk_site: 1885: All sites have been successfully created. Proceeding with floor site processing. 

03-19-2026 11:42:04 INFO  Site: process_bulk_site: 1892: Processing floor site 'Floor 1'. 

03-19-2026 11:42:04 INFO  Site: process_bulk_site: 1908: No upload path provided for 'Floor 1'. Floor created without floor map. 

03-19-2026 11:42:04 INFO  Site: process_bulk_site: 1910: Bulk site creation process completed successfully. 

